#
# There is insufficient memory for the Java Runtime Environment to continue.
# Native memory allocation (mmap) failed to map 65536 bytes for Failed to commit metaspace.
# Possible reasons:
#   The system is out of physical RAM or swap space
#   The process is running with CompressedOops enabled, and the Java Heap may be blocking the growth of the native heap
# Possible solutions:
#   Reduce memory load on the system
#   Increase physical memory or swap space
#   Check if swap backing store is full
#   Decrease Java heap size (-Xmx/-Xms)
#   Decrease number of Java threads
#   Decrease Java thread stack sizes (-Xss)
#   Set larger code cache with -XX:ReservedCodeCacheSize=
#   JVM is running with Unscaled Compressed Oops mode in which the Java heap is
#     placed in the first 4GB address space. The Java Heap base address is the
#     maximum limit for the native heap growth. Please use -XX:HeapBaseMinAddress
#     to set the Java Heap base and to place the Java Heap above 4GB virtual address.
# This output file may be truncated or incomplete.
#
#  Out of Memory Error (virtualSpaceNode.cpp:110), pid=14932, tid=7144
#
# JRE version: OpenJDK Runtime Environment Temurin-17.0.4+8 (17.0.4+8) (build 17.0.4+8)
# Java VM: OpenJDK 64-Bit Server VM Temurin-17.0.4+8 (17.0.4+8, mixed mode, tiered, compressed oops, compressed class ptrs, parallel gc, windows-amd64)
# No core dump will be written. Minidumps are not enabled by default on client versions of Windows
#

---------------  S U M M A R Y ------------

Command Line: --add-modules=ALL-SYSTEM --add-opens=java.base/java.util=ALL-UNNAMED --add-opens=java.base/java.lang=ALL-UNNAMED --add-opens=java.base/sun.nio.fs=ALL-UNNAMED -Declipse.application=org.eclipse.jdt.ls.core.id1 -Dosgi.bundles.defaultStartLevel=4 -Declipse.product=org.eclipse.jdt.ls.core.product -Djava.import.generatesMetadataFilesAtProjectRoot=false -Dfile.encoding=utf8 -DwatchParentProcess=false -XX:+UseParallelGC -XX:GCTimeRatio=4 -XX:AdaptiveSizePolicyWeight=90 -Dsun.zip.disableMemoryMapping=true -Xmx1G -Xms100m -Xlog:jni+resolve=off -javaagent:c:\Users\rushi\.vscode\extensions\redhat.java-1.10.0-win32-x64\lombok\lombok-1.18.24.jar c:\Users\rushi\.vscode\extensions\redhat.java-1.10.0-win32-x64\server\plugins\org.eclipse.equinox.launcher_1.6.400.v20210924-0641.jar -configuration c:\Users\rushi\AppData\Roaming\Code\User\globalStorage\redhat.java\1.10.0\config_ss_win -data c:\Users\rushi\AppData\Roaming\Code\User\workspaceStorage\dd8d4f839dafe8dad0a24e681389ae38\redhat.java\ss_ws

Host: AMD Ryzen 5 4600H with Radeon Graphics         , 12 cores, 7G,  Windows 11 , 64 bit Build 22000 (10.0.22000.708)
Time: Wed Sep 14 09:12:03 2022 India Standard Time elapsed time: 3.794298 seconds (0d 0h 0m 3s)

---------------  T H R E A D  ---------------

Current thread (0x000001e2f9580f20):  JavaThread "Start Level: Equinox Container: aeb89532-8aa1-41f3-ba9a-bae341c47404" daemon [_thread_in_vm, id=7144, stack(0x0000005242200000,0x0000005242300000)]

Stack: [0x0000005242200000,0x0000005242300000]
Native frames: (J=compiled Java code, j=interpreted, Vv=VM code, C=native code)
V  [jvm.dll+0x67733a]
V  [jvm.dll+0x8323c4]
V  [jvm.dll+0x833b6e]
V  [jvm.dll+0x8341d3]
V  [jvm.dll+0x2455e5]
V  [jvm.dll+0x82e36b]
V  [jvm.dll+0x61be16]
V  [jvm.dll+0x1c060e]
V  [jvm.dll+0x61e761]
V  [jvm.dll+0x61c7b6]
V  [jvm.dll+0x23b0d0]
V  [jvm.dll+0x1eae0d]
V  [jvm.dll+0x1e0841]
V  [jvm.dll+0x53c8f0]
V  [jvm.dll+0x7ad188]
V  [jvm.dll+0x7ad274]
V  [jvm.dll+0x40ccb5]
V  [jvm.dll+0x412ea8]
C  [java.dll+0x17ec]

Java frames: (J=compiled Java code, j=interpreted, Vv=VM code)
J 1062  java.lang.ClassLoader.defineClass1(Ljava/lang/ClassLoader;Ljava/lang/String;[BIILjava/security/ProtectionDomain;Ljava/lang/String;)Ljava/lang/Class; java.base@17.0.4 (0 bytes) @ 0x000001e2eba3775b [0x000001e2eba376a0+0x00000000000000bb]
J 1633 c1 java.lang.ClassLoader.defineClass(Ljava/lang/String;[BIILjava/security/ProtectionDomain;)Ljava/lang/Class; java.base@17.0.4 (43 bytes) @ 0x000001e2e477e9d4 [0x000001e2e477e680+0x0000000000000354]
J 2034 c1 org.eclipse.osgi.internal.loader.ModuleClassLoader.defineClass(Ljava/lang/String;[BLorg/eclipse/osgi/internal/loader/classpath/ClasspathEntry;)Lorg/eclipse/osgi/internal/loader/ModuleClassLoader$DefineClassResult; (138 bytes) @ 0x000001e2e488099c [0x000001e2e4880740+0x000000000000025c]
J 1705 c1 org.eclipse.osgi.internal.loader.classpath.ClasspathManager.defineClass(Ljava/lang/String;[BLorg/eclipse/osgi/internal/loader/classpath/ClasspathEntry;Lorg/eclipse/osgi/storage/bundlefile/BundleEntry;Ljava/util/List;)Ljava/lang/Class; (636 bytes) @ 0x000001e2e47b53c4 [0x000001e2e47b39e0+0x00000000000019e4]
J 1889 c1 org.eclipse.osgi.internal.loader.classpath.ClasspathManager.findClassImpl(Ljava/lang/String;Lorg/eclipse/osgi/internal/loader/classpath/ClasspathEntry;Ljava/util/List;)Ljava/lang/Class; (308 bytes) @ 0x000001e2e481d40c [0x000001e2e481a6a0+0x0000000000002d6c]
J 1683 c1 org.eclipse.osgi.internal.loader.classpath.ClasspathManager.findLocalClassImpl(Ljava/lang/String;[Lorg/eclipse/osgi/internal/loader/classpath/ClasspathEntry;Ljava/util/List;)Ljava/lang/Class; (55 bytes) @ 0x000001e2e47a91cc [0x000001e2e47a9040+0x000000000000018c]
J 1682 c1 org.eclipse.osgi.internal.loader.classpath.ClasspathManager.findLocalClassImpl(Ljava/lang/String;Ljava/util/List;)Ljava/lang/Class; (132 bytes) @ 0x000001e2e47a8754 [0x000001e2e47a8240+0x0000000000000514]
J 1771 c1 org.eclipse.osgi.internal.loader.classpath.ClasspathManager.findLocalClass(Ljava/lang/String;)Ljava/lang/Class; (210 bytes) @ 0x000001e2e47d68bc [0x000001e2e47d5c20+0x0000000000000c9c]
J 1674 c1 org.eclipse.osgi.internal.loader.BundleLoader.findLocalClass(Ljava/lang/String;)Ljava/lang/Class; (152 bytes) @ 0x000001e2e47a2aec [0x000001e2e47a22a0+0x000000000000084c]
J 1600 c1 org.eclipse.osgi.internal.loader.BundleLoader.findClass0(Ljava/lang/String;ZZ)Ljava/lang/Class; (466 bytes) @ 0x000001e2e476df94 [0x000001e2e476b8a0+0x00000000000026f4]
J 1599 c1 org.eclipse.osgi.internal.loader.BundleLoader.findClass(Ljava/lang/String;)Ljava/lang/Class; (8 bytes) @ 0x000001e2e476af9c [0x000001e2e476af20+0x000000000000007c]
J 1602 c1 org.eclipse.osgi.internal.loader.ModuleClassLoader.loadClass(Ljava/lang/String;Z)Ljava/lang/Class; (36 bytes) @ 0x000001e2e4771d3c [0x000001e2e4771b20+0x000000000000021c]
J 792 c1 java.lang.ClassLoader.loadClass(Ljava/lang/String;)Ljava/lang/Class; java.base@17.0.4 (7 bytes) @ 0x000001e2e45e02bc [0x000001e2e45e01c0+0x00000000000000fc]
v  ~StubRoutines::call_stub
j  org.eclipse.jdt.internal.core.JavaModelManager$8.optionsChanged(Lorg/eclipse/osgi/service/debug/DebugOptions;)V+127
j  org.eclipse.osgi.internal.debug.FrameworkDebugOptions.addingService(Lorg/osgi/framework/ServiceReference;)Lorg/eclipse/osgi/service/debug/DebugOptionsListener;+16
j  org.eclipse.osgi.internal.debug.FrameworkDebugOptions.addingService(Lorg/osgi/framework/ServiceReference;)Ljava/lang/Object;+5
j  org.osgi.util.tracker.ServiceTracker$Tracked.customizerAdding(Lorg/osgi/framework/ServiceReference;Lorg/osgi/framework/ServiceEvent;)Ljava/lang/Object;+8
j  org.osgi.util.tracker.ServiceTracker$Tracked.customizerAdding(Ljava/lang/Object;Ljava/lang/Object;)Ljava/lang/Object;+9
j  org.osgi.util.tracker.AbstractTracked.trackAdding(Ljava/lang/Object;Ljava/lang/Object;)V+8
j  org.osgi.util.tracker.AbstractTracked.track(Ljava/lang/Object;Ljava/lang/Object;)V+83
j  org.osgi.util.tracker.ServiceTracker$Tracked.serviceChanged(Lorg/osgi/framework/ServiceEvent;)V+67
J 1485 c1 org.eclipse.osgi.internal.serviceregistry.FilteredServiceListener.serviceChanged(Lorg/osgi/framework/ServiceEvent;)V (284 bytes) @ 0x000001e2e4741eb4 [0x000001e2e473fbe0+0x00000000000022d4]
J 1637 c1 org.eclipse.osgi.internal.framework.BundleContextImpl.dispatchEvent(Ljava/lang/Object;Ljava/lang/Object;ILjava/lang/Object;)V (558 bytes) @ 0x000001e2e47833f4 [0x000001e2e4780320+0x00000000000030d4]
J 1899 c1 org.eclipse.osgi.framework.eventmgr.EventManager.dispatchEvent(Ljava/util/Set;Lorg/eclipse/osgi/framework/eventmgr/EventDispatcher;ILjava/lang/Object;)V (69 bytes) @ 0x000001e2e4824974 [0x000001e2e48244a0+0x00000000000004d4]
j  org.eclipse.osgi.framework.eventmgr.ListenerQueue.dispatchEventSynchronous(ILjava/lang/Object;)V+67
j  org.eclipse.osgi.internal.serviceregistry.ServiceRegistry.publishServiceEventPrivileged(Lorg/osgi/framework/ServiceEvent;)V+320
j  org.eclipse.osgi.internal.serviceregistry.ServiceRegistry.publishServiceEvent(Lorg/osgi/framework/ServiceEvent;)V+8
j  org.eclipse.osgi.internal.serviceregistry.ServiceRegistrationImpl.register(Ljava/util/Dictionary;)V+128
j  org.eclipse.osgi.internal.serviceregistry.ServiceRegistry.registerService(Lorg/eclipse/osgi/internal/framework/BundleContextImpl;[Ljava/lang/String;Ljava/lang/Object;Ljava/util/Dictionary;)Lorg/eclipse/osgi/internal/serviceregistry/ServiceRegistrationImpl;+298
j  org.eclipse.osgi.internal.framework.BundleContextImpl.registerService([Ljava/lang/String;Ljava/lang/Object;Ljava/util/Dictionary;)Lorg/osgi/framework/ServiceRegistration;+15
j  org.eclipse.osgi.internal.framework.BundleContextImpl.registerService(Ljava/lang/String;Ljava/lang/Object;Ljava/util/Dictionary;)Lorg/osgi/framework/ServiceRegistration;+15
j  org.eclipse.osgi.internal.framework.BundleContextImpl.registerService(Ljava/lang/Class;Ljava/lang/Object;Ljava/util/Dictionary;)Lorg/osgi/framework/ServiceRegistration;+7
j  org.eclipse.jdt.internal.core.JavaModelManager.registerDebugOptionsListener(Lorg/osgi/framework/BundleContext;)V+32
j  org.eclipse.jdt.core.JavaCore.start(Lorg/osgi/framework/BundleContext;)V+6
j  org.eclipse.osgi.internal.framework.BundleContextImpl$2.run()Ljava/lang/Void;+23
j  org.eclipse.osgi.internal.framework.BundleContextImpl$2.run()Ljava/lang/Object;+1
J 1203 c1 java.security.AccessController.executePrivileged(Ljava/security/PrivilegedExceptionAction;Ljava/security/AccessControlContext;Ljava/lang/Class;)Ljava/lang/Object; java.base@17.0.4 (65 bytes) @ 0x000001e2e46b46b4 [0x000001e2e46b4560+0x0000000000000154]
j  java.security.AccessController.doPrivileged(Ljava/security/PrivilegedExceptionAction;)Ljava/lang/Object;+9 java.base@17.0.4
j  org.eclipse.osgi.internal.framework.BundleContextImpl.startActivator(Lorg/osgi/framework/BundleActivator;)V+9
j  org.eclipse.osgi.internal.framework.BundleContextImpl.start()V+134
j  org.eclipse.osgi.internal.framework.EquinoxBundle.startWorker0()V+35
j  org.eclipse.osgi.internal.framework.EquinoxBundle$EquinoxModule.startWorker()V+4
j  org.eclipse.osgi.container.Module.doStart([Lorg/eclipse/osgi/container/Module$StartOptions;)Lorg/eclipse/osgi/container/ModuleContainerAdaptor$ModuleEvent;+190
J 2021 c1 org.eclipse.osgi.container.Module.start([Lorg/eclipse/osgi/container/Module$StartOptions;)V (655 bytes) @ 0x000001e2e48730d4 [0x000001e2e4870d60+0x0000000000002374]
J 2022 c1 org.eclipse.osgi.framework.util.SecureAction.start(Lorg/eclipse/osgi/container/Module;[Lorg/eclipse/osgi/container/Module$StartOptions;)V (61 bytes) @ 0x000001e2e487964c [0x000001e2e48791c0+0x000000000000048c]
J 1770 c1 org.eclipse.osgi.internal.hooks.EclipseLazyStarter.postFindLocalClass(Ljava/lang/String;Ljava/lang/Class;Lorg/eclipse/osgi/internal/loader/classpath/ClasspathManager;)V (394 bytes) @ 0x000001e2e47d29dc [0x000001e2e47d1a60+0x0000000000000f7c]
J 1771 c1 org.eclipse.osgi.internal.loader.classpath.ClasspathManager.findLocalClass(Ljava/lang/String;)Ljava/lang/Class; (210 bytes) @ 0x000001e2e47d6bd4 [0x000001e2e47d5c20+0x0000000000000fb4]
J 1674 c1 org.eclipse.osgi.internal.loader.BundleLoader.findLocalClass(Ljava/lang/String;)Ljava/lang/Class; (152 bytes) @ 0x000001e2e47a2aec [0x000001e2e47a22a0+0x000000000000084c]
J 1884 c1 org.eclipse.osgi.internal.loader.sources.SingleSourcePackage.loadClass(Ljava/lang/String;)Ljava/lang/Class; (9 bytes) @ 0x000001e2e4818f3c [0x000001e2e4818e40+0x00000000000000fc]
J 1600 c1 org.eclipse.osgi.internal.loader.BundleLoader.findClass0(Ljava/lang/String;ZZ)Ljava/lang/Class; (466 bytes) @ 0x000001e2e476de9c [0x000001e2e476b8a0+0x00000000000025fc]
J 1599 c1 org.eclipse.osgi.internal.loader.BundleLoader.findClass(Ljava/lang/String;)Ljava/lang/Class; (8 bytes) @ 0x000001e2e476af9c [0x000001e2e476af20+0x000000000000007c]
J 1602 c1 org.eclipse.osgi.internal.loader.ModuleClassLoader.loadClass(Ljava/lang/String;Z)Ljava/lang/Class; (36 bytes) @ 0x000001e2e4771d3c [0x000001e2e4771b20+0x000000000000021c]
J 792 c1 java.lang.ClassLoader.loadClass(Ljava/lang/String;)Ljava/lang/Class; java.base@17.0.4 (7 bytes) @ 0x000001e2e45e02bc [0x000001e2e45e01c0+0x00000000000000fc]
v  ~StubRoutines::call_stub
j  java.lang.Class.getDeclaredConstructors0(Z)[Ljava/lang/reflect/Constructor;+0 java.base@17.0.4
j  java.lang.Class.privateGetDeclaredConstructors(Z)[Ljava/lang/reflect/Constructor;+52 java.base@17.0.4
j  java.lang.Class.getConstructor0([Ljava/lang/Class;I)Ljava/lang/reflect/Constructor;+14 java.base@17.0.4
j  java.lang.Class.getConstructor([Ljava/lang/Class;)Ljava/lang/reflect/Constructor;+24 java.base@17.0.4
j  org.eclipse.osgi.internal.framework.BundleContextImpl.loadBundleActivator()Lorg/osgi/framework/BundleActivator;+105
j  org.eclipse.osgi.internal.framework.BundleContextImpl.start()V+18
j  org.eclipse.osgi.internal.framework.EquinoxBundle.startWorker0()V+35
j  org.eclipse.osgi.internal.framework.EquinoxBundle$EquinoxModule.startWorker()V+4
j  org.eclipse.osgi.container.Module.doStart([Lorg/eclipse/osgi/container/Module$StartOptions;)Lorg/eclipse/osgi/container/ModuleContainerAdaptor$ModuleEvent;+190
j  org.eclipse.osgi.container.Module.start([Lorg/eclipse/osgi/container/Module$StartOptions;)V+460
j  org.eclipse.osgi.container.ModuleContainer$ContainerStartLevel$2.run()V+71
j  org.eclipse.osgi.internal.framework.EquinoxContainerAdaptor$1$1.execute(Ljava/lang/Runnable;)V+1
j  org.eclipse.osgi.container.ModuleContainer$ContainerStartLevel.incStartLevel(ILjava/util/List;Z)V+192
j  org.eclipse.osgi.container.ModuleContainer$ContainerStartLevel.incStartLevel(ILjava/util/List;Ljava/util/List;Ljava/util/List;Ljava/util/List;)V+19
j  org.eclipse.osgi.container.ModuleContainer$ContainerStartLevel.doContainerStartLevel(Lorg/eclipse/osgi/container/Module;I[Lorg/osgi/framework/FrameworkListener;)V+349
j  org.eclipse.osgi.container.ModuleContainer$ContainerStartLevel.dispatchEvent(Lorg/eclipse/osgi/container/Module;[Lorg/osgi/framework/FrameworkListener;ILjava/lang/Integer;)V+32
j  org.eclipse.osgi.container.ModuleContainer$ContainerStartLevel.dispatchEvent(Ljava/lang/Object;Ljava/lang/Object;ILjava/lang/Object;)V+15
j  org.eclipse.osgi.framework.eventmgr.EventManager.dispatchEvent(Ljava/util/Set;Lorg/eclipse/osgi/framework/eventmgr/EventDispatcher;ILjava/lang/Object;)V+48
j  org.eclipse.osgi.framework.eventmgr.EventManager$EventThread.run()V+26
v  ~StubRoutines::call_stub

---------------  P R O C E S S  ---------------

Threads class SMR info:
_java_thread_list=0x000001e2f99b5610, length=21, elements={
0x000001e2e1264bc0, 0x000001e2f6c73a00, 0x000001e2f50e4f90, 0x000001e2f50fc330,
0x000001e2f50fcee0, 0x000001e2f50fda90, 0x000001e2f6c9d430, 0x000001e2f6ca7110,
0x000001e2f6cab0b0, 0x000001e2f6cac9c0, 0x000001e2f6debaa0, 0x000001e2f6f1a880,
0x000001e2f9552a90, 0x000001e2f945b850, 0x000001e2f9580f20, 0x000001e2f9580580,
0x000001e2f95813f0, 0x000001e2f9580a50, 0x000001e2f9582c00, 0x000001e2f95818c0,
0x000001e2f99b5700
}

Java Threads: ( => current thread )
  0x000001e2e1264bc0 JavaThread "main" [_thread_blocked, id=16888, stack(0x0000005241200000,0x0000005241300000)]
  0x000001e2f6c73a00 JavaThread "Reference Handler" daemon [_thread_blocked, id=12308, stack(0x0000005241500000,0x0000005241600000)]
  0x000001e2f50e4f90 JavaThread "Finalizer" daemon [_thread_blocked, id=15200, stack(0x0000005241600000,0x0000005241700000)]
  0x000001e2f50fc330 JavaThread "Signal Dispatcher" daemon [_thread_blocked, id=15116, stack(0x0000005241700000,0x0000005241800000)]
  0x000001e2f50fcee0 JavaThread "Attach Listener" daemon [_thread_blocked, id=15212, stack(0x0000005241800000,0x0000005241900000)]
  0x000001e2f50fda90 JavaThread "Service Thread" daemon [_thread_blocked, id=15220, stack(0x0000005241900000,0x0000005241a00000)]
  0x000001e2f6c9d430 JavaThread "Monitor Deflation Thread" daemon [_thread_blocked, id=15232, stack(0x0000005241a00000,0x0000005241b00000)]
  0x000001e2f6ca7110 JavaThread "C2 CompilerThread0" daemon [_thread_blocked, id=15236, stack(0x0000005241b00000,0x0000005241c00000)]
  0x000001e2f6cab0b0 JavaThread "C1 CompilerThread0" daemon [_thread_blocked, id=10840, stack(0x0000005241c00000,0x0000005241d00000)]
  0x000001e2f6cac9c0 JavaThread "Sweeper thread" daemon [_thread_blocked, id=15244, stack(0x0000005241d00000,0x0000005241e00000)]
  0x000001e2f6debaa0 JavaThread "Common-Cleaner" daemon [_thread_blocked, id=15248, stack(0x0000005241e00000,0x0000005241f00000)]
  0x000001e2f6f1a880 JavaThread "Notification Thread" daemon [_thread_blocked, id=14148, stack(0x0000005242000000,0x0000005242100000)]
  0x000001e2f9552a90 JavaThread "Active Thread: Equinox Container: aeb89532-8aa1-41f3-ba9a-bae341c47404" [_thread_blocked, id=14036, stack(0x0000005242800000,0x0000005242900000)]
  0x000001e2f945b850 JavaThread "Framework Event Dispatcher: Equinox Container: aeb89532-8aa1-41f3-ba9a-bae341c47404" daemon [_thread_blocked, id=2480, stack(0x0000005241f00000,0x0000005242000000)]
=>0x000001e2f9580f20 JavaThread "Start Level: Equinox Container: aeb89532-8aa1-41f3-ba9a-bae341c47404" daemon [_thread_in_vm, id=7144, stack(0x0000005242200000,0x0000005242300000)]
  0x000001e2f9580580 JavaThread "SCR Component Actor" daemon [_thread_blocked, id=9568, stack(0x0000005242900000,0x0000005242a00000)]
  0x000001e2f95813f0 JavaThread "SCR Component Registry" daemon [_thread_blocked, id=16060, stack(0x0000005242c00000,0x0000005242d00000)]
  0x000001e2f9580a50 JavaThread "Worker-JM" [_thread_blocked, id=2140, stack(0x0000005242d00000,0x0000005242e00000)]
  0x000001e2f9582c00 JavaThread "Worker-0" [_thread_blocked, id=10360, stack(0x0000005243000000,0x0000005243100000)]
  0x000001e2f95818c0 JavaThread "Worker-1" [_thread_blocked, id=11928, stack(0x0000005243100000,0x0000005243200000)]
  0x000001e2f99b5700 JavaThread "C2 CompilerThread1" daemon [_thread_blocked, id=10448, stack(0x0000005243200000,0x0000005243300000)]

Other Threads:
  0x000001e2f4f8b030 VMThread "VM Thread" [stack: 0x0000005241400000,0x0000005241500000] [id=18016]
  0x000001e2f6f1ad50 WatcherThread [stack: 0x0000005242100000,0x0000005242200000] [id=14108]
  0x000001e2e127af30 GCTaskThread "GC Thread#0" [stack: 0x0000005241300000,0x0000005241400000] [id=4072]
  0x000001e2f8a005c0 GCTaskThread "GC Thread#1" [stack: 0x0000005242300000,0x0000005242400000] [id=14332]
  0x000001e2f94cac30 GCTaskThread "GC Thread#2" [stack: 0x0000005242400000,0x0000005242500000] [id=9960]
  0x000001e2f94ec330 GCTaskThread "GC Thread#3" [stack: 0x0000005242500000,0x0000005242600000] [id=9364]
  0x000001e2f89d3ba0 GCTaskThread "GC Thread#4" [stack: 0x0000005242600000,0x0000005242700000] [id=8484]
  0x000001e2f89fadb0 GCTaskThread "GC Thread#5" [stack: 0x0000005242700000,0x0000005242800000] [id=8712]
  0x000001e2f9553d70 GCTaskThread "GC Thread#6" [stack: 0x0000005242a00000,0x0000005242b00000] [id=3964]
  0x000001e2f9554020 GCTaskThread "GC Thread#7" [stack: 0x0000005242b00000,0x0000005242c00000] [id=10380]
  0x000001e2f95542d0 GCTaskThread "GC Thread#8" [stack: 0x0000005242e00000,0x0000005242f00000] [id=15776]
  0x000001e2f9555040 GCTaskThread "GC Thread#9" [stack: 0x0000005242f00000,0x0000005243000000] [id=12816]

Threads with active compile tasks:

VM state: not at safepoint (normal execution)

VM Mutex/Monitor currently owned by a thread:  ([mutex/lock_event])
[0x000001e2e1253270] Metaspace_lock - owner thread: 0x000001e2f9580f20

Heap address: 0x00000000c0000000, size: 1024 MB, Compressed Oops mode: 32-bit

CDS archive(s) not mapped
Compressed class space mapped at: 0x0000000100000000-0x0000000140000000, reserved size: 1073741824
Narrow klass base: 0x0000000000000000, Narrow klass shift: 3, Narrow klass range: 0x140000000

GC Precious Log:
 CPUs: 12 total, 12 available
 Memory: 7549M
 Large Page Support: Disabled
 NUMA Support: Disabled
 Compressed Oops: Enabled (32-bit)
 Alignments: Space 512K, Generation 512K, Heap 2M
 Heap Min Capacity: 100M
 Heap Initial Capacity: 100M
 Heap Max Capacity: 1G
 Pre-touch: Disabled
 Parallel Workers: 10

Heap:
 PSYoungGen      total 29696K, used 20826K [0x00000000eab00000, 0x00000000ecc00000, 0x0000000100000000)
  eden space 25600K, 81% used [0x00000000eab00000,0x00000000ebf56ae8,0x00000000ec400000)
  from space 4096K, 0% used [0x00000000ec800000,0x00000000ec800000,0x00000000ecc00000)
  to   space 4096K, 0% used [0x00000000ec400000,0x00000000ec400000,0x00000000ec800000)
 ParOldGen       total 68608K, used 7330K [0x00000000c0000000, 0x00000000c4300000, 0x00000000eab00000)
  object space 68608K, 10% used [0x00000000c0000000,0x00000000c0728aa0,0x00000000c4300000)
 Metaspace       used 23627K, committed 24000K, reserved 1073152K
  class space    used 2320K, committed 2496K, reserved 1048576K

Card table byte_map: [0x000001e2e0c20000,0x000001e2e0e30000] _byte_map_base: 0x000001e2e0620000

Marking Bits: (ParMarkBitMap*) 0x00007fffb2a72cd0
 Begin Bits: [0x000001e2f2f00000, 0x000001e2f3f00000)
 End Bits:   [0x000001e2f3f00000, 0x000001e2f4f00000)

Polling page: 0x000001e2df020000

Metaspace:

Usage:
  Non-class:     20.81 MB used.
      Class:      2.27 MB used.
       Both:     23.07 MB used.

Virtual space:
  Non-class space:       24.00 MB reserved,      21.00 MB ( 88%) committed,  3 nodes.
      Class space:        1.00 GB reserved,       2.44 MB ( <1%) committed,  1 nodes.
             Both:        1.02 GB reserved,      23.44 MB (  2%) committed. 

Chunk freelists:
   Non-Class:  2.30 MB
       Class:  1.56 MB
        Both:  3.86 MB

MaxMetaspaceSize: unlimited
CompressedClassSpaceSize: 1.00 GB
Initial GC threshold: 21.00 MB
Current GC threshold: 35.00 MB
CDS: off
MetaspaceReclaimPolicy: balanced
 - commit_granule_bytes: 65536.
 - commit_granule_words: 8192.
 - virtual_space_node_default_size: 1048576.
 - enlarge_chunks_in_place: 1.
 - new_chunks_are_fully_committed: 0.
 - uncommit_free_chunks: 1.
 - use_allocation_guard: 0.
 - handle_deallocations: 1.


Internal statistics:

num_allocs_failed_limit: 3.
num_arena_births: 168.
num_arena_deaths: 14.
num_vsnodes_births: 4.
num_vsnodes_deaths: 0.
num_space_committed: 375.
num_space_uncommitted: 0.
num_chunks_returned_to_freelist: 17.
num_chunks_taken_from_freelist: 738.
num_chunk_merges: 7.
num_chunk_splits: 508.
num_chunks_enlarged: 369.
num_purges: 2.
num_inconsistent_stats: 0.

CodeHeap 'non-profiled nmethods': size=120000Kb used=898Kb max_used=898Kb free=119101Kb
 bounds [0x000001e2eb9d0000, 0x000001e2ebc40000, 0x000001e2f2f00000]
CodeHeap 'profiled nmethods': size=120000Kb used=4409Kb max_used=4409Kb free=115590Kb
 bounds [0x000001e2e44a0000, 0x000001e2e48f0000, 0x000001e2eb9d0000]
CodeHeap 'non-nmethods': size=5760Kb used=1187Kb max_used=1202Kb free=4573Kb
 bounds [0x000001e2e3f00000, 0x000001e2e4170000, 0x000001e2e44a0000]
 total_blobs=2715 nmethods=2230 adapters=399
 compilation: enabled
              stopped_count=0, restarted_count=0
 full_count=0

Compilation events (20 events):
Event: 3.770 Thread 0x000001e2f6cab0b0 2222       3       org.objectweb.asm.MethodVisitor::visitLabel (16 bytes)
Event: 3.770 Thread 0x000001e2f99b5700 2223       4       java.util.regex.Pattern$BitClass::is (22 bytes)
Event: 3.770 Thread 0x000001e2f6ca7110 2226       4       java.util.regex.Pattern$CharPredicate$$Lambda$22/0x000000010008e670::is (11 bytes)
Event: 3.770 Thread 0x000001e2f6cab0b0 nmethod 2222 0x000001e2e48ea110 code [0x000001e2e48ea2c0, 0x000001e2e48ea4c8]
Event: 3.770 Thread 0x000001e2f6cab0b0 2225       3       java.util.regex.Matcher::search (154 bytes)
Event: 3.771 Thread 0x000001e2f6cab0b0 nmethod 2225 0x000001e2e48ea590 code [0x000001e2e48ea780, 0x000001e2e48ead48]
Event: 3.771 Thread 0x000001e2f6cab0b0 2224       3       java.util.regex.Pattern$Branch::match (66 bytes)
Event: 3.771 Thread 0x000001e2f99b5700 nmethod 2223 0x000001e2ebab0290 code [0x000001e2ebab0400, 0x000001e2ebab04d8]
Event: 3.771 Thread 0x000001e2f6cab0b0 nmethod 2224 0x000001e2e48eaf90 code [0x000001e2e48eb160, 0x000001e2e48eb638]
Event: 3.771 Thread 0x000001e2f6cab0b0 2229       3       org.objectweb.asm.ByteVector::putUTF8 (144 bytes)
Event: 3.771 Thread 0x000001e2f6ca7110 nmethod 2226 0x000001e2ebab0590 code [0x000001e2ebab0720, 0x000001e2ebab0878]
Event: 3.772 Thread 0x000001e2f6cab0b0 nmethod 2229 0x000001e2e48eb810 code [0x000001e2e48eba80, 0x000001e2e48ec588]
Event: 3.772 Thread 0x000001e2f6cab0b0 2228       3       org.objectweb.asm.Label::addLineNumber (89 bytes)
Event: 3.772 Thread 0x000001e2f6cab0b0 nmethod 2228 0x000001e2e48eca90 code [0x000001e2e48ecc60, 0x000001e2e48ed108]
Event: 3.772 Thread 0x000001e2f6cab0b0 2230       3       org.objectweb.asm.MethodWriter::visitLineNumber (50 bytes)
Event: 3.772 Thread 0x000001e2f6cab0b0 nmethod 2230 0x000001e2e48ed290 code [0x000001e2e48ed460, 0x000001e2e48ed858]
Event: 3.772 Thread 0x000001e2f6cab0b0 2227       3       org.objectweb.asm.ClassReader::readLabel (20 bytes)
Event: 3.772 Thread 0x000001e2f6cab0b0 nmethod 2227 0x000001e2e48eda10 code [0x000001e2e48edbc0, 0x000001e2e48edf98]
Event: 3.773 Thread 0x000001e2f6cab0b0 2231       3       org.objectweb.asm.SymbolTable::addConstantIntegerOrFloat (21 bytes)
Event: 3.773 Thread 0x000001e2f6cab0b0 nmethod 2231 0x000001e2e48ee110 code [0x000001e2e48ee2c0, 0x000001e2e48ee518]

GC Heap History (10 events):
Event: 0.859 GC heap before
{Heap before GC invocations=1 (full 0):
 PSYoungGen      total 29696K, used 25600K [0x00000000eab00000, 0x00000000ecc00000, 0x0000000100000000)
  eden space 25600K, 100% used [0x00000000eab00000,0x00000000ec400000,0x00000000ec400000)
  from space 4096K, 0% used [0x00000000ec800000,0x00000000ec800000,0x00000000ecc00000)
  to   space 4096K, 0% used [0x00000000ec400000,0x00000000ec400000,0x00000000ec800000)
 ParOldGen       total 68608K, used 0K [0x00000000c0000000, 0x00000000c4300000, 0x00000000eab00000)
  object space 68608K, 0% used [0x00000000c0000000,0x00000000c0000000,0x00000000c4300000)
 Metaspace       used 10811K, committed 10944K, reserved 1064960K
  class space    used 1087K, committed 1152K, reserved 1048576K
}
Event: 0.865 GC heap after
{Heap after GC invocations=1 (full 0):
 PSYoungGen      total 29696K, used 3224K [0x00000000eab00000, 0x00000000ecc00000, 0x0000000100000000)
  eden space 25600K, 0% used [0x00000000eab00000,0x00000000eab00000,0x00000000ec400000)
  from space 4096K, 78% used [0x00000000ec400000,0x00000000ec7261a0,0x00000000ec800000)
  to   space 4096K, 0% used [0x00000000ec800000,0x00000000ec800000,0x00000000ecc00000)
 ParOldGen       total 68608K, used 16K [0x00000000c0000000, 0x00000000c4300000, 0x00000000eab00000)
  object space 68608K, 0% used [0x00000000c0000000,0x00000000c0004000,0x00000000c4300000)
 Metaspace       used 10811K, committed 10944K, reserved 1064960K
  class space    used 1087K, committed 1152K, reserved 1048576K
}
Event: 3.054 GC heap before
{Heap before GC invocations=2 (full 0):
 PSYoungGen      total 29696K, used 28824K [0x00000000eab00000, 0x00000000ecc00000, 0x0000000100000000)
  eden space 25600K, 100% used [0x00000000eab00000,0x00000000ec400000,0x00000000ec400000)
  from space 4096K, 78% used [0x00000000ec400000,0x00000000ec7261a0,0x00000000ec800000)
  to   space 4096K, 0% used [0x00000000ec800000,0x00000000ec800000,0x00000000ecc00000)
 ParOldGen       total 68608K, used 16K [0x00000000c0000000, 0x00000000c4300000, 0x00000000eab00000)
  object space 68608K, 0% used [0x00000000c0000000,0x00000000c0004000,0x00000000c4300000)
 Metaspace       used 15187K, committed 15424K, reserved 1064960K
  class space    used 1555K, committed 1664K, reserved 1048576K
}
Event: 3.058 GC heap after
{Heap after GC invocations=2 (full 0):
 PSYoungGen      total 29696K, used 4071K [0x00000000eab00000, 0x00000000ecc00000, 0x0000000100000000)
  eden space 25600K, 0% used [0x00000000eab00000,0x00000000eab00000,0x00000000ec400000)
  from space 4096K, 99% used [0x00000000ec800000,0x00000000ecbf9e48,0x00000000ecc00000)
  to   space 4096K, 0% used [0x00000000ec400000,0x00000000ec400000,0x00000000ec800000)
 ParOldGen       total 68608K, used 714K [0x00000000c0000000, 0x00000000c4300000, 0x00000000eab00000)
  object space 68608K, 1% used [0x00000000c0000000,0x00000000c00b2850,0x00000000c4300000)
 Metaspace       used 15187K, committed 15424K, reserved 1064960K
  class space    used 1555K, committed 1664K, reserved 1048576K
}
Event: 3.506 GC heap before
{Heap before GC invocations=3 (full 0):
 PSYoungGen      total 29696K, used 29671K [0x00000000eab00000, 0x00000000ecc00000, 0x0000000100000000)
  eden space 25600K, 100% used [0x00000000eab00000,0x00000000ec400000,0x00000000ec400000)
  from space 4096K, 99% used [0x00000000ec800000,0x00000000ecbf9e48,0x00000000ecc00000)
  to   space 4096K, 0% used [0x00000000ec400000,0x00000000ec400000,0x00000000ec800000)
 ParOldGen       total 68608K, used 714K [0x00000000c0000000, 0x00000000c4300000, 0x00000000eab00000)
  object space 68608K, 1% used [0x00000000c0000000,0x00000000c00b2850,0x00000000c4300000)
 Metaspace       used 20198K, committed 20608K, reserved 1073152K
  class space    used 2060K, committed 2240K, reserved 1048576K
}
Event: 3.510 GC heap after
{Heap after GC invocations=3 (full 0):
 PSYoungGen      total 29696K, used 4078K [0x00000000eab00000, 0x00000000ecc00000, 0x0000000100000000)
  eden space 25600K, 0% used [0x00000000eab00000,0x00000000eab00000,0x00000000ec400000)
  from space 4096K, 99% used [0x00000000ec400000,0x00000000ec7fbbd8,0x00000000ec800000)
  to   space 4096K, 0% used [0x00000000ec800000,0x00000000ec800000,0x00000000ecc00000)
 ParOldGen       total 68608K, used 2708K [0x00000000c0000000, 0x00000000c4300000, 0x00000000eab00000)
  object space 68608K, 3% used [0x00000000c0000000,0x00000000c02a5160,0x00000000c4300000)
 Metaspace       used 20198K, committed 20608K, reserved 1073152K
  class space    used 2060K, committed 2240K, reserved 1048576K
}
Event: 3.574 GC heap before
{Heap before GC invocations=4 (full 0):
 PSYoungGen      total 29696K, used 9696K [0x00000000eab00000, 0x00000000ecc00000, 0x0000000100000000)
  eden space 25600K, 21% used [0x00000000eab00000,0x00000000eb07c748,0x00000000ec400000)
  from space 4096K, 99% used [0x00000000ec400000,0x00000000ec7fbbd8,0x00000000ec800000)
  to   space 4096K, 0% used [0x00000000ec800000,0x00000000ec800000,0x00000000ecc00000)
 ParOldGen       total 68608K, used 2708K [0x00000000c0000000, 0x00000000c4300000, 0x00000000eab00000)
  object space 68608K, 3% used [0x00000000c0000000,0x00000000c02a5160,0x00000000c4300000)
 Metaspace       used 21085K, committed 21504K, reserved 1073152K
  class space    used 2146K, committed 2368K, reserved 1048576K
}
Event: 3.577 GC heap after
{Heap after GC invocations=4 (full 0):
 PSYoungGen      total 29696K, used 4068K [0x00000000eab00000, 0x00000000ecc00000, 0x0000000100000000)
  eden space 25600K, 0% used [0x00000000eab00000,0x00000000eab00000,0x00000000ec400000)
  from space 4096K, 99% used [0x00000000ec800000,0x00000000ecbf9120,0x00000000ecc00000)
  to   space 4096K, 0% used [0x00000000ec400000,0x00000000ec400000,0x00000000ec800000)
 ParOldGen       total 68608K, used 3560K [0x00000000c0000000, 0x00000000c4300000, 0x00000000eab00000)
  object space 68608K, 5% used [0x00000000c0000000,0x00000000c037a358,0x00000000c4300000)
 Metaspace       used 21085K, committed 21504K, reserved 1073152K
  class space    used 2146K, committed 2368K, reserved 1048576K
}
Event: 3.577 GC heap before
{Heap before GC invocations=5 (full 1):
 PSYoungGen      total 29696K, used 4068K [0x00000000eab00000, 0x00000000ecc00000, 0x0000000100000000)
  eden space 25600K, 0% used [0x00000000eab00000,0x00000000eab00000,0x00000000ec400000)
  from space 4096K, 99% used [0x00000000ec800000,0x00000000ecbf9120,0x00000000ecc00000)
  to   space 4096K, 0% used [0x00000000ec400000,0x00000000ec400000,0x00000000ec800000)
 ParOldGen       total 68608K, used 3560K [0x00000000c0000000, 0x00000000c4300000, 0x00000000eab00000)
  object space 68608K, 5% used [0x00000000c0000000,0x00000000c037a358,0x00000000c4300000)
 Metaspace       used 21085K, committed 21504K, reserved 1073152K
  class space    used 2146K, committed 2368K, reserved 1048576K
}
Event: 3.591 GC heap after
{Heap after GC invocations=5 (full 1):
 PSYoungGen      total 29696K, used 0K [0x00000000eab00000, 0x00000000ecc00000, 0x0000000100000000)
  eden space 25600K, 0% used [0x00000000eab00000,0x00000000eab00000,0x00000000ec400000)
  from space 4096K, 0% used [0x00000000ec800000,0x00000000ec800000,0x00000000ecc00000)
  to   space 4096K, 0% used [0x00000000ec400000,0x00000000ec400000,0x00000000ec800000)
 ParOldGen       total 68608K, used 7330K [0x00000000c0000000, 0x00000000c4300000, 0x00000000eab00000)
  object space 68608K, 10% used [0x00000000c0000000,0x00000000c0728aa0,0x00000000c4300000)
 Metaspace       used 21072K, committed 21504K, reserved 1073152K
  class space    used 2143K, committed 2368K, reserved 1048576K
}

Deoptimization events (20 events):
Event: 3.455 Thread 0x000001e2f9580f20 Uncommon trap: trap_request=0xffffffc6 fr.pc=0x000001e2eba7ea90 relative=0x0000000000001a70
Event: 3.455 Thread 0x000001e2f9580f20 Uncommon trap: reason=bimorphic_or_optimized_type_check action=maybe_recompile pc=0x000001e2eba7ea90 method=java.io.DataInputStream.readUnsignedShort()I @ 4 c2
Event: 3.455 Thread 0x000001e2f9580f20 DEOPT PACKING pc=0x000001e2eba7ea90 sp=0x00000052422f9600
Event: 3.455 Thread 0x000001e2f9580f20 DEOPT UNPACKING pc=0x000001e2e3f520a3 sp=0x00000052422f9578 mode 2
Event: 3.455 Thread 0x000001e2f9580f20 Uncommon trap: trap_request=0xffffffc6 fr.pc=0x000001e2eba7ea90 relative=0x0000000000001a70
Event: 3.455 Thread 0x000001e2f9580f20 Uncommon trap: reason=bimorphic_or_optimized_type_check action=maybe_recompile pc=0x000001e2eba7ea90 method=java.io.DataInputStream.readUnsignedShort()I @ 4 c2
Event: 3.455 Thread 0x000001e2f9580f20 DEOPT PACKING pc=0x000001e2eba7ea90 sp=0x00000052422f9540
Event: 3.455 Thread 0x000001e2f9580f20 DEOPT UNPACKING pc=0x000001e2e3f520a3 sp=0x00000052422f94b8 mode 2
Event: 3.455 Thread 0x000001e2f9580f20 Uncommon trap: trap_request=0xffffffc6 fr.pc=0x000001e2eba7ea90 relative=0x0000000000001a70
Event: 3.455 Thread 0x000001e2f9580f20 Uncommon trap: reason=bimorphic_or_optimized_type_check action=maybe_recompile pc=0x000001e2eba7ea90 method=java.io.DataInputStream.readUnsignedShort()I @ 4 c2
Event: 3.455 Thread 0x000001e2f9580f20 DEOPT PACKING pc=0x000001e2eba7ea90 sp=0x00000052422f9490
Event: 3.455 Thread 0x000001e2f9580f20 DEOPT UNPACKING pc=0x000001e2e3f520a3 sp=0x00000052422f9408 mode 2
Event: 3.464 Thread 0x000001e2f9580f20 Uncommon trap: trap_request=0xffffff45 fr.pc=0x000001e2eba3d08c relative=0x00000000000001ec
Event: 3.464 Thread 0x000001e2f9580f20 Uncommon trap: reason=unstable_if action=reinterpret pc=0x000001e2eba3d08c method=java.net.URI$Parser.scan(IIJJ)I @ 42 c2
Event: 3.464 Thread 0x000001e2f9580f20 DEOPT PACKING pc=0x000001e2eba3d08c sp=0x00000052422f94e0
Event: 3.464 Thread 0x000001e2f9580f20 DEOPT UNPACKING pc=0x000001e2e3f520a3 sp=0x00000052422f9460 mode 2
Event: 3.485 Thread 0x000001e2f9580f20 Uncommon trap: trap_request=0xffffff45 fr.pc=0x000001e2eba61ac0 relative=0x0000000000000040
Event: 3.485 Thread 0x000001e2f9580f20 Uncommon trap: reason=unstable_if action=reinterpret pc=0x000001e2eba61ac0 method=sun.nio.fs.WindowsPathParser.isSlash(C)Z @ 9 c2
Event: 3.485 Thread 0x000001e2f9580f20 DEOPT PACKING pc=0x000001e2eba61ac0 sp=0x00000052422f9320
Event: 3.485 Thread 0x000001e2f9580f20 DEOPT UNPACKING pc=0x000001e2e3f520a3 sp=0x00000052422f92a8 mode 2

Classes unloaded (7 events):
Event: 3.579 Thread 0x000001e2f4f8b030 Unloading class 0x0000000100210800 'java/lang/invoke/LambdaForm$MH+0x0000000100210800'
Event: 3.579 Thread 0x000001e2f4f8b030 Unloading class 0x0000000100210400 'java/lang/invoke/LambdaForm$MH+0x0000000100210400'
Event: 3.579 Thread 0x000001e2f4f8b030 Unloading class 0x0000000100210000 'java/lang/invoke/LambdaForm$MH+0x0000000100210000'
Event: 3.579 Thread 0x000001e2f4f8b030 Unloading class 0x000000010020fc00 'java/lang/invoke/LambdaForm$MH+0x000000010020fc00'
Event: 3.579 Thread 0x000001e2f4f8b030 Unloading class 0x000000010020f400 'java/lang/invoke/LambdaForm$BMH+0x000000010020f400'
Event: 3.579 Thread 0x000001e2f4f8b030 Unloading class 0x000000010020f000 'java/lang/invoke/LambdaForm$DMH+0x000000010020f000'
Event: 3.579 Thread 0x000001e2f4f8b030 Unloading class 0x000000010020c400 'java/lang/invoke/LambdaForm$DMH+0x000000010020c400'

Classes redefined (0 events):
No events

Internal exceptions (20 events):
Event: 0.850 Thread 0x000001e2e1264bc0 Exception <a 'java/lang/NoSuchMethodError'{0x00000000ec39c0b8}: 'void java.lang.invoke.DirectMethodHandle$Holder.invokeSpecial(java.lang.Object, java.lang.Object, java.lang.Object)'> (0x00000000ec39c0b8) 
thrown [s\src\hotspot\share\interpreter\linkResolver.cpp, line 759]
Event: 1.077 Thread 0x000001e2e1264bc0 Exception <a 'java/lang/NoSuchMethodError'{0x00000000eb64c1c0}: 'java.lang.Object java.lang.invoke.DirectMethodHandle$Holder.newInvokeSpecial(java.lang.Object, int, java.lang.Object)'> (0x00000000eb64c1c0) 
thrown [s\src\hotspot\share\interpreter\linkResolver.cpp, line 759]
Event: 2.942 Thread 0x000001e2e1264bc0 Exception <a 'java/lang/UnsatisfiedLinkError'{0x00000000ebb71ef8}: 'void org.eclipse.equinox.launcher.JNIBridge._update_splash()'> (0x00000000ebb71ef8) 
thrown [s\src\hotspot\share\prims\nativeLookup.cpp, line 543]
Event: 2.975 Thread 0x000001e2f9580f20 Exception <a 'java/lang/NoSuchMethodError'{0x00000000ebdda510}: 'java.lang.Object java.lang.invoke.DirectMethodHandle$Holder.invokeStaticInit(java.lang.Object)'> (0x00000000ebdda510) 
thrown [s\src\hotspot\share\interpreter\linkResolver.cpp, line 759]
Event: 3.155 Thread 0x000001e2f9580f20 Exception <a 'java/io/FileNotFoundException'{0x00000000eb0ea9e0}> (0x00000000eb0ea9e0) 
thrown [s\src\hotspot\share\prims\jni.cpp, line 516]
Event: 3.162 Thread 0x000001e2f9580f20 Exception <a 'java/lang/NullPointerException'{0x00000000eb13bf60}> (0x00000000eb13bf60) 
thrown [s\src\hotspot\share\interpreter\linkResolver.cpp, line 1350]
Event: 3.162 Thread 0x000001e2f9580f20 Exception <a 'java/lang/NullPointerException'{0x00000000eb13c788}> (0x00000000eb13c788) 
thrown [s\src\hotspot\share\interpreter\linkResolver.cpp, line 1350]
Event: 3.310 Thread 0x000001e2f9580f20 Exception <a 'java/lang/NoSuchMethodError'{0x00000000eb88fd28}: 'void java.lang.invoke.DirectMethodHandle$Holder.invokeInterface(java.lang.Object, java.lang.Object, java.lang.Object)'> (0x00000000eb88fd28) 
thrown [s\src\hotspot\share\interpreter\linkResolver.cpp, line 759]
Event: 3.356 Thread 0x000001e2f9580f20 Exception <a 'java/lang/NoSuchMethodError'{0x00000000ebbb2518}: 'java.lang.Object java.lang.invoke.Invokers$Holder.invokeExact_MT(java.lang.Object, java.lang.Object, java.lang.Object, java.lang.Object, java.lang.Object, java.lang.Object)'> (0x00000000ebbb2518) 
thrown [s\src\hotspot\share\interpreter\linkResolver.cpp, line 759]
Event: 3.368 Thread 0x000001e2f9580f20 Exception <a 'java/lang/NoSuchMethodError'{0x00000000ebc9c648}: 'java.lang.Object java.lang.invoke.DirectMethodHandle$Holder.invokeStatic(java.lang.Object, java.lang.Object, int)'> (0x00000000ebc9c648) 
thrown [s\src\hotspot\share\interpreter\linkResolver.cpp, line 759]
Event: 3.369 Thread 0x000001e2f9580f20 Exception <a 'java/lang/NoSuchMethodError'{0x00000000ebca11f8}: 'void java.lang.invoke.DirectMethodHandle$Holder.invokeStatic(java.lang.Object, java.lang.Object, int, java.lang.Object)'> (0x00000000ebca11f8) 
thrown [s\src\hotspot\share\interpreter\linkResolver.cpp, line 759]
Event: 3.369 Thread 0x000001e2f9580f20 Exception <a 'java/lang/NoSuchMethodError'{0x00000000ebca8928}: 'void java.lang.invoke.DelegatingMethodHandle$Holder.delegate(java.lang.Object, java.lang.Object, int, java.lang.Object)'> (0x00000000ebca8928) 
thrown [s\src\hotspot\share\interpreter\linkResolver.cpp, line 759]
Event: 3.370 Thread 0x000001e2f9580f20 Exception <a 'java/lang/NoSuchMethodError'{0x00000000ebcacd10}: 'int java.lang.invoke.DirectMethodHandle$Holder.invokeSpecial(java.lang.Object, java.lang.Object, java.lang.Object)'> (0x00000000ebcacd10) 
thrown [s\src\hotspot\share\interpreter\linkResolver.cpp, line 759]
Event: 3.371 Thread 0x000001e2f9580f20 Exception <a 'java/lang/NoSuchMethodError'{0x00000000ebcbe320}: 'int java.lang.invoke.DirectMethodHandle$Holder.invokeStatic(java.lang.Object, java.lang.Object, int)'> (0x00000000ebcbe320) 
thrown [s\src\hotspot\share\interpreter\linkResolver.cpp, line 759]
Event: 3.371 Thread 0x000001e2f9580f20 Exception <a 'java/lang/NoSuchMethodError'{0x00000000ebcc2348}: 'int java.lang.invoke.DirectMethodHandle$Holder.invokeSpecial(java.lang.Object, java.lang.Object, java.lang.Object, int)'> (0x00000000ebcc2348) 
thrown [s\src\hotspot\share\interpreter\linkResolver.cpp, line 759]
Event: 3.372 Thread 0x000001e2f9580f20 Exception <a 'java/lang/NoSuchMethodError'{0x00000000ebcde038}: 'java.lang.Object java.lang.invoke.DirectMethodHandle$Holder.invokeStatic(java.lang.Object, java.lang.Object, java.lang.Object, java.lang.Object, int)'> (0x00000000ebcde038) 
thrown [s\src\hotspot\share\interpreter\linkResolver.cpp, line 759]
Event: 3.373 Thread 0x000001e2f9580f20 Exception <a 'java/lang/NoSuchMethodError'{0x00000000ebcea430}: 'java.lang.Object java.lang.invoke.DelegatingMethodHandle$Holder.reinvoke_L(java.lang.Object, java.lang.Object, java.lang.Object, java.lang.Object, int, int)'> (0x00000000ebcea430) 
thrown [s\src\hotspot\share\interpreter\linkResolver.cpp, line 759]
Event: 3.374 Thread 0x000001e2f9580f20 Exception <a 'java/lang/NoSuchMethodError'{0x00000000ebd01f60}: 'java.lang.Object java.lang.invoke.Invokers$Holder.invokeExact_MT(java.lang.Object, java.lang.Object, java.lang.Object, java.lang.Object)'> (0x00000000ebd01f60) 
thrown [s\src\hotspot\share\interpreter\linkResolver.cpp, line 759]
Event: 3.532 Thread 0x000001e2f9580f20 Exception <a 'java/lang/NoSuchMethodError'{0x00000000eac36f50}: 'int java.lang.invoke.DirectMethodHandle$Holder.invokeStaticInit(java.lang.Object, java.lang.Object, java.lang.Object)'> (0x00000000eac36f50) 
thrown [s\src\hotspot\share\interpreter\linkResolver.cpp, line 759]
Event: 3.537 Thread 0x000001e2f9580f20 Exception <a 'java/lang/IncompatibleClassChangeError'{0x00000000eacae630}: Found class java.lang.Object, but interface was expected> (0x00000000eacae630) 
thrown [s\src\hotspot\share\interpreter\linkResolver.cpp, line 826]

VM Operations (20 events):
Event: 2.079 Executing VM operation: Cleanup
Event: 2.079 Executing VM operation: Cleanup done
Event: 2.988 Executing VM operation: HandshakeAllThreads
Event: 2.988 Executing VM operation: HandshakeAllThreads done
Event: 3.054 Executing VM operation: ParallelGCFailedAllocation
Event: 3.058 Executing VM operation: ParallelGCFailedAllocation done
Event: 3.261 Executing VM operation: HandshakeAllThreads
Event: 3.261 Executing VM operation: HandshakeAllThreads done
Event: 3.293 Executing VM operation: HandshakeAllThreads
Event: 3.293 Executing VM operation: HandshakeAllThreads done
Event: 3.295 Executing VM operation: HandshakeAllThreads
Event: 3.295 Executing VM operation: HandshakeAllThreads done
Event: 3.368 Executing VM operation: HandshakeAllThreads
Event: 3.368 Executing VM operation: HandshakeAllThreads done
Event: 3.506 Executing VM operation: ParallelGCFailedAllocation
Event: 3.510 Executing VM operation: ParallelGCFailedAllocation done
Event: 3.549 Executing VM operation: HandshakeAllThreads
Event: 3.549 Executing VM operation: HandshakeAllThreads done
Event: 3.574 Executing VM operation: CollectForMetadataAllocation
Event: 3.591 Executing VM operation: CollectForMetadataAllocation done

Events (20 events):
Event: 3.593 loading class java/util/zip/GZIPOutputStream done
Event: 3.607 loading class java/io/StringReader
Event: 3.607 loading class java/io/StringReader done
Event: 3.610 loading class java/util/zip/GZIPInputStream
Event: 3.610 loading class java/util/zip/GZIPInputStream done
Event: 3.612 loading class java/net/SocketTimeoutException
Event: 3.612 loading class java/io/InterruptedIOException
Event: 3.612 loading class java/io/InterruptedIOException done
Event: 3.612 loading class java/net/SocketTimeoutException done
Event: 3.612 loading class java/net/SocketException
Event: 3.613 loading class java/net/SocketException done
Event: 3.613 loading class java/net/UnknownHostException
Event: 3.613 loading class java/net/UnknownHostException done
Event: 3.613 loading class java/net/ProtocolException
Event: 3.613 loading class java/net/ProtocolException done
Event: 3.634 loading class java/io/FileWriter
Event: 3.634 loading class java/io/FileWriter done
Event: 3.634 loading class java/lang/NegativeArraySizeException
Event: 3.634 loading class java/lang/NegativeArraySizeException done
Event: 3.672 Thread 0x000001e2f99b5700 Thread added: 0x000001e2f99b5700


Dynamic libraries:
0x00007ff613de0000 - 0x00007ff613dee000 	c:\Users\rushi\.vscode\extensions\redhat.java-1.10.0-win32-x64\jre\17.0.4-win32-x86_64\bin\java.exe
0x00007ff81b280000 - 0x00007ff81b489000 	C:\WINDOWS\SYSTEM32\ntdll.dll
0x00007ff819df0000 - 0x00007ff819ead000 	C:\WINDOWS\System32\KERNEL32.DLL
0x00007ff818930000 - 0x00007ff818cad000 	C:\WINDOWS\System32\KERNELBASE.dll
0x00007ff818810000 - 0x00007ff818921000 	C:\WINDOWS\System32\ucrtbase.dll
0x00007ffff0720000 - 0x00007ffff0738000 	c:\Users\rushi\.vscode\extensions\redhat.java-1.10.0-win32-x64\jre\17.0.4-win32-x86_64\bin\jli.dll
0x00007fffecb80000 - 0x00007fffecb99000 	c:\Users\rushi\.vscode\extensions\redhat.java-1.10.0-win32-x64\jre\17.0.4-win32-x86_64\bin\VCRUNTIME140.dll
0x00007ff819c40000 - 0x00007ff819ded000 	C:\WINDOWS\System32\USER32.dll
0x00007ff804ba0000 - 0x00007ff804e45000 	C:\WINDOWS\WinSxS\amd64_microsoft.windows.common-controls_6595b64144ccf1df_6.0.22000.120_none_9d947278b86cc467\COMCTL32.dll
0x00007ff8187e0000 - 0x00007ff818806000 	C:\WINDOWS\System32\win32u.dll
0x00007ff81b030000 - 0x00007ff81b0d3000 	C:\WINDOWS\System32\msvcrt.dll
0x00007ff819400000 - 0x00007ff819429000 	C:\WINDOWS\System32\GDI32.dll
0x00007ff818cb0000 - 0x00007ff818dc8000 	C:\WINDOWS\System32\gdi32full.dll
0x00007ff819070000 - 0x00007ff81910d000 	C:\WINDOWS\System32\msvcp_win.dll
0x00007ff81aaa0000 - 0x00007ff81aad1000 	C:\WINDOWS\System32\IMM32.DLL
0x00007ff8122c0000 - 0x00007ff8122cc000 	c:\Users\rushi\.vscode\extensions\redhat.java-1.10.0-win32-x64\jre\17.0.4-win32-x86_64\bin\vcruntime140_1.dll
0x00007fffc2530000 - 0x00007fffc25c1000 	c:\Users\rushi\.vscode\extensions\redhat.java-1.10.0-win32-x64\jre\17.0.4-win32-x86_64\bin\msvcp140.dll
0x00007fffb1ef0000 - 0x00007fffb2b36000 	c:\Users\rushi\.vscode\extensions\redhat.java-1.10.0-win32-x64\jre\17.0.4-win32-x86_64\bin\server\jvm.dll
0x00007ff819910000 - 0x00007ff8199be000 	C:\WINDOWS\System32\ADVAPI32.dll
0x00007ff81ad60000 - 0x00007ff81adfe000 	C:\WINDOWS\System32\sechost.dll
0x00007ff819110000 - 0x00007ff819230000 	C:\WINDOWS\System32\RPCRT4.dll
0x00007ff81ab90000 - 0x00007ff81ab98000 	C:\WINDOWS\System32\PSAPI.DLL
0x00007ffff1340000 - 0x00007ffff1349000 	C:\WINDOWS\SYSTEM32\WSOCK32.dll
0x00007ff8116a0000 - 0x00007ff8116aa000 	C:\WINDOWS\SYSTEM32\VERSION.dll
0x00007ff81b0e0000 - 0x00007ff81b14f000 	C:\WINDOWS\System32\WS2_32.dll
0x00007ff811f20000 - 0x00007ff811f53000 	C:\WINDOWS\SYSTEM32\WINMM.dll
0x00007ff8178f0000 - 0x00007ff817908000 	C:\WINDOWS\SYSTEM32\kernel.appcore.dll
0x00007ff812270000 - 0x00007ff81227a000 	c:\Users\rushi\.vscode\extensions\redhat.java-1.10.0-win32-x64\jre\17.0.4-win32-x86_64\bin\jimage.dll
0x00007ff816290000 - 0x00007ff8164b1000 	C:\WINDOWS\SYSTEM32\DBGHELP.DLL
0x00007ff804160000 - 0x00007ff804191000 	C:\WINDOWS\SYSTEM32\dbgcore.DLL
0x00007ff818760000 - 0x00007ff8187df000 	C:\WINDOWS\System32\bcryptPrimitives.dll
0x00007fffecb70000 - 0x00007fffecb7e000 	c:\Users\rushi\.vscode\extensions\redhat.java-1.10.0-win32-x64\jre\17.0.4-win32-x86_64\bin\instrument.dll
0x00007fffe5390000 - 0x00007fffe53b5000 	c:\Users\rushi\.vscode\extensions\redhat.java-1.10.0-win32-x64\jre\17.0.4-win32-x86_64\bin\java.dll
0x00007fffec6b0000 - 0x00007fffec6c8000 	c:\Users\rushi\.vscode\extensions\redhat.java-1.10.0-win32-x64\jre\17.0.4-win32-x86_64\bin\zip.dll
0x00007ff819ed0000 - 0x00007ff81a688000 	C:\WINDOWS\System32\SHELL32.dll
0x00007ff816790000 - 0x00007ff816ff8000 	C:\WINDOWS\SYSTEM32\windows.storage.dll
0x00007ff81a690000 - 0x00007ff81aa09000 	C:\WINDOWS\System32\combase.dll
0x00007ff816620000 - 0x00007ff816786000 	C:\WINDOWS\SYSTEM32\wintypes.dll
0x00007ff819290000 - 0x00007ff81937a000 	C:\WINDOWS\System32\SHCORE.dll
0x00007ff819230000 - 0x00007ff81928d000 	C:\WINDOWS\System32\shlwapi.dll
0x00007ff818690000 - 0x00007ff8186b1000 	C:\WINDOWS\SYSTEM32\profapi.dll
0x00007fffe6de0000 - 0x00007fffe6df9000 	C:\Users\rushi\.vscode\extensions\redhat.java-1.10.0-win32-x64\jre\17.0.4-win32-x86_64\bin\net.dll
0x00007ff811ca0000 - 0x00007ff811dac000 	C:\WINDOWS\SYSTEM32\WINHTTP.dll
0x00007ff817d80000 - 0x00007ff817de7000 	C:\WINDOWS\system32\mswsock.dll
0x00007fffe47b0000 - 0x00007fffe47c5000 	C:\Users\rushi\.vscode\extensions\redhat.java-1.10.0-win32-x64\jre\17.0.4-win32-x86_64\bin\nio.dll
0x00007fffe6cd0000 - 0x00007fffe6ce0000 	c:\Users\rushi\.vscode\extensions\redhat.java-1.10.0-win32-x64\jre\17.0.4-win32-x86_64\bin\verify.dll
0x00007fffddee0000 - 0x00007fffddf1e000 	C:\Users\rushi\AppData\Roaming\Code\User\globalStorage\redhat.java\1.10.0\config_ss_win\org.eclipse.equinox.launcher\org.eclipse.equinox.launcher.win32.win32.x86_64_1.2.500.v20220509-0833\eclipse_11700.dll
0x00007ff819aa0000 - 0x00007ff819c3a000 	C:\WINDOWS\System32\ole32.dll

dbghelp: loaded successfully - version: 4.0.5 - missing functions: none
symbol engine: initialized successfully - sym options: 0x614 - pdb path: .;c:\Users\rushi\.vscode\extensions\redhat.java-1.10.0-win32-x64\jre\17.0.4-win32-x86_64\bin;C:\WINDOWS\SYSTEM32;C:\WINDOWS\WinSxS\amd64_microsoft.windows.common-controls_6595b64144ccf1df_6.0.22000.120_none_9d947278b86cc467;c:\Users\rushi\.vscode\extensions\redhat.java-1.10.0-win32-x64\jre\17.0.4-win32-x86_64\bin\server;C:\Users\rushi\AppData\Roaming\Code\User\globalStorage\redhat.java\1.10.0\config_ss_win\org.eclipse.equinox.launcher\org.eclipse.equinox.launcher.win32.win32.x86_64_1.2.500.v20220509-0833

VM Arguments:
jvm_args: --add-modules=ALL-SYSTEM --add-opens=java.base/java.util=ALL-UNNAMED --add-opens=java.base/java.lang=ALL-UNNAMED --add-opens=java.base/sun.nio.fs=ALL-UNNAMED -Declipse.application=org.eclipse.jdt.ls.core.id1 -Dosgi.bundles.defaultStartLevel=4 -Declipse.product=org.eclipse.jdt.ls.core.product -Djava.import.generatesMetadataFilesAtProjectRoot=false -Dfile.encoding=utf8 -DwatchParentProcess=false -XX:+UseParallelGC -XX:GCTimeRatio=4 -XX:AdaptiveSizePolicyWeight=90 -Dsun.zip.disableMemoryMapping=true -Xmx1G -Xms100m -Xlog:jni+resolve=off -javaagent:c:\Users\rushi\.vscode\extensions\redhat.java-1.10.0-win32-x64\lombok\lombok-1.18.24.jar 
java_command: c:\Users\rushi\.vscode\extensions\redhat.java-1.10.0-win32-x64\server\plugins\org.eclipse.equinox.launcher_1.6.400.v20210924-0641.jar -configuration c:\Users\rushi\AppData\Roaming\Code\User\globalStorage\redhat.java\1.10.0\config_ss_win -data c:\Users\rushi\AppData\Roaming\Code\User\workspaceStorage\dd8d4f839dafe8dad0a24e681389ae38\redhat.java\ss_ws
java_class_path (initial): c:\Users\rushi\.vscode\extensions\redhat.java-1.10.0-win32-x64\server\plugins\org.eclipse.equinox.launcher_1.6.400.v20210924-0641.jar
Launcher Type: SUN_STANDARD

[Global flags]
    uintx AdaptiveSizePolicyWeight                 = 90                                        {product} {command line}
     intx CICompilerCount                          = 4                                         {product} {ergonomic}
    uintx GCTimeRatio                              = 4                                         {product} {command line}
   size_t InitialHeapSize                          = 104857600                                 {product} {command line}
   size_t MaxHeapSize                              = 1073741824                                {product} {command line}
   size_t MaxNewSize                               = 357564416                                 {product} {ergonomic}
   size_t MinHeapDeltaBytes                        = 524288                                    {product} {ergonomic}
   size_t MinHeapSize                              = 104857600                                 {product} {command line}
   size_t NewSize                                  = 34603008                                  {product} {ergonomic}
    uintx NonNMethodCodeHeapSize                   = 5839372                                {pd product} {ergonomic}
    uintx NonProfiledCodeHeapSize                  = 122909434                              {pd product} {ergonomic}
   size_t OldSize                                  = 70254592                                  {product} {ergonomic}
    uintx ProfiledCodeHeapSize                     = 122909434                              {pd product} {ergonomic}
    uintx ReservedCodeCacheSize                    = 251658240                              {pd product} {ergonomic}
     bool SegmentedCodeCache                       = true                                      {product} {ergonomic}
   size_t SoftMaxHeapSize                          = 1073741824                             {manageable} {ergonomic}
     bool UseCompressedClassPointers               = true                           {product lp64_product} {ergonomic}
     bool UseCompressedOops                        = true                           {product lp64_product} {ergonomic}
     bool UseLargePagesIndividualAllocation        = false                                  {pd product} {ergonomic}
     bool UseParallelGC                            = true                                      {product} {command line}

Logging:
Log output configuration:
 #0: stdout all=warning,jni+resolve=off uptime,level,tags
 #1: stderr all=off uptime,level,tags

Environment Variables:
PATH=C:\Program Files\Common Files\Oracle\Java\javapath;C:\Windows\system32;C:\Windows;C:\Windows\System32\Wbem;C:\Windows\System32\WindowsPowerShell\v1.0\;C:\Windows\System32\OpenSSH\;C:\Program Files (x86)\NVIDIA Corporation\PhysX\Common;C:\Program Files\NVIDIA Corporation\NVIDIA NvDLISR;C:\Program Files\MicroStrategy\Workstation\DataServices\11.0.14.1+1\64-bit\bin\server;;C:\WINDOWS\system32;C:\WINDOWS;C:\WINDOWS\System32\Wbem;C:\WINDOWS\System32\WindowsPowerShell\v1.0\;C:\WINDOWS\System32\OpenSSH\;C:\Program Files\nodejs\;C:\Users\rushi\AppData\Local\Microsoft\WindowsApps;C:\Users\rushi\AppData\Local\Programs\Microsoft VS Code\bin;C:\Program Files\mingw-w64\x86_64-8.1.0-posix-seh-rt_v6-rev0\mingw64\bin;;C:\Program Files\JetBrains\IntelliJ IDEA Community Edition 2021.2.2\bin;;C:\Program Files (x86)\Sophos\Sophos SSL VPN Client\bin;C:\Users\rushi\AppData\Roaming\npm
USERNAME=rushi
OS=Windows_NT
PROCESSOR_IDENTIFIER=AMD64 Family 23 Model 96 Stepping 1, AuthenticAMD
TMP=C:\Users\rushi\AppData\Local\Temp
TEMP=C:\Users\rushi\AppData\Local\Temp



---------------  S Y S T E M  ---------------

OS:
 Windows 11 , 64 bit Build 22000 (10.0.22000.708)
OS uptime: 0 days 0:03 hours

CPU: total 12 (initial active 12) (12 cores per cpu, 2 threads per core) family 23 model 96 stepping 1 microcode 0x0, cx8, cmov, fxsr, ht, mmx, 3dnowpref, sse, sse2, sse3, ssse3, sse4a, sse4.1, sse4.2, popcnt, lzcnt, tsc, tscinvbit, avx, avx2, aes, clmul, bmi1, bmi2, adx, sha, fma, vzeroupper, clflush, clflushopt

Memory: 4k page, system-wide physical 7549M (3317M free)
TotalPageFile size 7549M (AvailPageFile size 0M)
current process WorkingSet (physical memory assigned to process): 114M, peak: 114M
current process commit charge ("private bytes"): 227M, peak: 227M

vm_info: OpenJDK 64-Bit Server VM (17.0.4+8) for windows-amd64 JRE (17.0.4+8), built on Jul 19 2022 16:05:16 by "temurin" with MS VC++ 16.7 (VS2019)

END.
