#
# There is insufficient memory for the Java Runtime Environment to continue.
# Native memory allocation (mmap) failed to map 65536 bytes for Failed to commit metaspace.
# Possible reasons:
#   The system is out of physical RAM or swap space
#   The process is running with CompressedOops enabled, and the Java Heap may be blocking the growth of the native heap
# Possible solutions:
#   Reduce memory load on the system
#   Increase physical memory or swap space
#   Check if swap backing store is full
#   Decrease Java heap size (-Xmx/-Xms)
#   Decrease number of Java threads
#   Decrease Java thread stack sizes (-Xss)
#   Set larger code cache with -XX:ReservedCodeCacheSize=
#   JVM is running with Unscaled Compressed Oops mode in which the Java heap is
#     placed in the first 4GB address space. The Java Heap base address is the
#     maximum limit for the native heap growth. Please use -XX:HeapBaseMinAddress
#     to set the Java Heap base and to place the Java Heap above 4GB virtual address.
# This output file may be truncated or incomplete.
#
#  Out of Memory Error (virtualSpaceNode.cpp:110), pid=11068, tid=3532
#
# JRE version: OpenJDK Runtime Environment Temurin-17.0.4+8 (17.0.4+8) (build 17.0.4+8)
# Java VM: OpenJDK 64-Bit Server VM Temurin-17.0.4+8 (17.0.4+8, mixed mode, tiered, compressed oops, compressed class ptrs, parallel gc, windows-amd64)
# No core dump will be written. Minidumps are not enabled by default on client versions of Windows
#

---------------  S U M M A R Y ------------

Command Line: --add-modules=ALL-SYSTEM --add-opens=java.base/java.util=ALL-UNNAMED --add-opens=java.base/java.lang=ALL-UNNAMED --add-opens=java.base/sun.nio.fs=ALL-UNNAMED -Declipse.application=org.eclipse.jdt.ls.core.id1 -Dosgi.bundles.defaultStartLevel=4 -Declipse.product=org.eclipse.jdt.ls.core.product -Djava.import.generatesMetadataFilesAtProjectRoot=false -Dfile.encoding=utf8 -DwatchParentProcess=false -XX:+UseParallelGC -XX:GCTimeRatio=4 -XX:AdaptiveSizePolicyWeight=90 -Dsun.zip.disableMemoryMapping=true -Xmx1G -Xms100m -Xlog:jni+resolve=off -javaagent:c:\Users\rushi\.vscode\extensions\redhat.java-1.10.0-win32-x64\lombok\lombok-1.18.24.jar c:\Users\rushi\.vscode\extensions\redhat.java-1.10.0-win32-x64\server\plugins\org.eclipse.equinox.launcher_1.6.400.v20210924-0641.jar -configuration c:\Users\rushi\AppData\Roaming\Code\User\globalStorage\redhat.java\1.10.0\config_ss_win -data c:\Users\rushi\AppData\Roaming\Code\User\workspaceStorage\dd8d4f839dafe8dad0a24e681389ae38\redhat.java\ss_ws

Host: AMD Ryzen 5 4600H with Radeon Graphics         , 12 cores, 7G,  Windows 11 , 64 bit Build 22000 (10.0.22000.708)
Time: Wed Sep 14 09:12:03 2022 India Standard Time elapsed time: 0.140731 seconds (0d 0h 0m 0s)

---------------  T H R E A D  ---------------

Current thread (0x0000017ac23e60b0):  JavaThread "main" [_thread_in_vm, id=3532, stack(0x0000000150f00000,0x0000000151000000)]

Stack: [0x0000000150f00000,0x0000000151000000]
Native frames: (J=compiled Java code, j=interpreted, Vv=VM code, C=native code)
V  [jvm.dll+0x67733a]
V  [jvm.dll+0x8323c4]
V  [jvm.dll+0x833b6e]
V  [jvm.dll+0x8341d3]
V  [jvm.dll+0x2455e5]
V  [jvm.dll+0x82e36b]
V  [jvm.dll+0x61be16]
V  [jvm.dll+0x61be7a]
V  [jvm.dll+0x61e69a]
V  [jvm.dll+0x61c7b6]
V  [jvm.dll+0x239c7f]
V  [jvm.dll+0x6265c5]
V  [jvm.dll+0x1ea42b]
V  [jvm.dll+0x1ea965]
V  [jvm.dll+0x1eb39f]
V  [jvm.dll+0x1e0841]
V  [jvm.dll+0x53c8f0]
V  [jvm.dll+0x1f1037]
V  [jvm.dll+0x7ac5bb]
V  [jvm.dll+0x7ad962]
V  [jvm.dll+0x7adc98]
V  [jvm.dll+0x23d9ee]
V  [jvm.dll+0x38108e]
C  0x0000017ac508f448

Java frames: (J=compiled Java code, j=interpreted, Vv=VM code)
j  java.lang.System.initPhase3()V+3 java.base@17.0.4
v  ~StubRoutines::call_stub

---------------  P R O C E S S  ---------------

Threads class SMR info:
_java_thread_list=0x0000017ad810da00, length=11, elements={
0x0000017ac23e60b0, 0x0000017ad6277b90, 0x0000017ad627a020, 0x0000017ad7fdb130,
0x0000017ad7fdb9f0, 0x0000017ad7fdc2b0, 0x0000017ad7fe0c20, 0x0000017ad7fe88e0,
0x0000017ad800a200, 0x0000017ad80132d0, 0x0000017ad810e030
}

Java Threads: ( => current thread )
=>0x0000017ac23e60b0 JavaThread "main" [_thread_in_vm, id=3532, stack(0x0000000150f00000,0x0000000151000000)]
  0x0000017ad6277b90 JavaThread "Reference Handler" daemon [_thread_blocked, id=12704, stack(0x0000000151200000,0x0000000151300000)]
  0x0000017ad627a020 JavaThread "Finalizer" daemon [_thread_blocked, id=15044, stack(0x0000000151300000,0x0000000151400000)]
  0x0000017ad7fdb130 JavaThread "Signal Dispatcher" daemon [_thread_blocked, id=17376, stack(0x0000000151400000,0x0000000151500000)]
  0x0000017ad7fdb9f0 JavaThread "Attach Listener" daemon [_thread_blocked, id=14776, stack(0x0000000151500000,0x0000000151600000)]
  0x0000017ad7fdc2b0 JavaThread "Service Thread" daemon [_thread_blocked, id=14384, stack(0x0000000151600000,0x0000000151700000)]
  0x0000017ad7fe0c20 JavaThread "Monitor Deflation Thread" daemon [_thread_blocked, id=14880, stack(0x0000000151700000,0x0000000151800000)]
  0x0000017ad7fe88e0 JavaThread "C2 CompilerThread0" daemon [_thread_blocked, id=14824, stack(0x0000000151800000,0x0000000151900000)]
  0x0000017ad800a200 JavaThread "C1 CompilerThread0" daemon [_thread_blocked, id=15872, stack(0x0000000151900000,0x0000000151a00000)]
  0x0000017ad80132d0 JavaThread "Sweeper thread" daemon [_thread_blocked, id=3776, stack(0x0000000151a00000,0x0000000151b00000)]
  0x0000017ad810e030 JavaThread "Common-Cleaner" daemon [_thread_blocked, id=10400, stack(0x0000000151b00000,0x0000000151c00000)]

Other Threads:
  0x0000017ad613b9a0 VMThread "VM Thread" [stack: 0x0000000151100000,0x0000000151200000] [id=9540]
  0x0000017ac23fb9e0 GCTaskThread "GC Thread#0" [stack: 0x0000000151000000,0x0000000151100000] [id=14640]

Threads with active compile tasks:

VM state: not at safepoint (normal execution)

VM Mutex/Monitor currently owned by a thread:  ([mutex/lock_event])
[0x0000017ac23e00a0] Metaspace_lock - owner thread: 0x0000017ac23e60b0

Heap address: 0x00000000c0000000, size: 1024 MB, Compressed Oops mode: 32-bit

CDS archive(s) not mapped
Compressed class space mapped at: 0x0000000100000000-0x0000000140000000, reserved size: 1073741824
Narrow klass base: 0x0000000000000000, Narrow klass shift: 3, Narrow klass range: 0x140000000

GC Precious Log:
 CPUs: 12 total, 12 available
 Memory: 7549M
 Large Page Support: Disabled
 NUMA Support: Disabled
 Compressed Oops: Enabled (32-bit)
 Alignments: Space 512K, Generation 512K, Heap 2M
 Heap Min Capacity: 100M
 Heap Initial Capacity: 100M
 Heap Max Capacity: 1G
 Pre-touch: Disabled
 Parallel Workers: 10

Heap:
 PSYoungGen      total 29696K, used 2560K [0x00000000eab00000, 0x00000000ecc00000, 0x0000000100000000)
  eden space 25600K, 10% used [0x00000000eab00000,0x00000000ead803e8,0x00000000ec400000)
  from space 4096K, 0% used [0x00000000ec800000,0x00000000ec800000,0x00000000ecc00000)
  to   space 4096K, 0% used [0x00000000ec400000,0x00000000ec400000,0x00000000ec800000)
 ParOldGen       total 68608K, used 0K [0x00000000c0000000, 0x00000000c4300000, 0x00000000eab00000)
  object space 68608K, 0% used [0x00000000c0000000,0x00000000c0000000,0x00000000c4300000)
 Metaspace       used 4445K, committed 4608K, reserved 1056768K
  class space    used 411K, committed 512K, reserved 1048576K

Card table byte_map: [0x0000017ac1da0000,0x0000017ac1fb0000] _byte_map_base: 0x0000017ac17a0000

Marking Bits: (ParMarkBitMap*) 0x00007fffb2a72cd0
 Begin Bits: [0x0000017ad4080000, 0x0000017ad5080000)
 End Bits:   [0x0000017ad5080000, 0x0000017ad6080000)

Polling page: 0x0000017ac03e0000

Metaspace:

Usage:
  Non-class:      3.94 MB used.
      Class:    411.20 KB used.
       Both:      4.34 MB used.

Virtual space:
  Non-class space:        8.00 MB reserved,       4.00 MB ( 50%) committed,  1 nodes.
      Class space:        1.00 GB reserved,     512.00 KB ( <1%) committed,  1 nodes.
             Both:        1.01 GB reserved,       4.50 MB ( <1%) committed. 

Chunk freelists:
   Non-Class:  4.00 MB
       Class:  3.56 MB
        Both:  7.56 MB

MaxMetaspaceSize: unlimited
CompressedClassSpaceSize: 1.00 GB
Initial GC threshold: 21.00 MB
Current GC threshold: 21.00 MB
CDS: off
MetaspaceReclaimPolicy: balanced
 - commit_granule_bytes: 65536.
 - commit_granule_words: 8192.
 - virtual_space_node_default_size: 1048576.
 - enlarge_chunks_in_place: 1.
 - new_chunks_are_fully_committed: 0.
 - uncommit_free_chunks: 1.
 - use_allocation_guard: 0.
 - handle_deallocations: 1.


Internal statistics:

num_allocs_failed_limit: 0.
num_arena_births: 6.
num_arena_deaths: 0.
num_vsnodes_births: 2.
num_vsnodes_deaths: 0.
num_space_committed: 72.
num_space_uncommitted: 0.
num_chunks_returned_to_freelist: 0.
num_chunks_taken_from_freelist: 9.
num_chunk_merges: 0.
num_chunk_splits: 4.
num_chunks_enlarged: 2.
num_purges: 0.
num_inconsistent_stats: 0.

CodeHeap 'non-profiled nmethods': size=120000Kb used=59Kb max_used=59Kb free=119941Kb
 bounds [0x0000017accb50000, 0x0000017accdc0000, 0x0000017ad4080000]
CodeHeap 'profiled nmethods': size=120000Kb used=205Kb max_used=205Kb free=119794Kb
 bounds [0x0000017ac5620000, 0x0000017ac5890000, 0x0000017accb50000]
CodeHeap 'non-nmethods': size=5760Kb used=1067Kb max_used=1082Kb free=4692Kb
 bounds [0x0000017ac5080000, 0x0000017ac52f0000, 0x0000017ac5620000]
 total_blobs=525 nmethods=189 adapters=251
 compilation: enabled
              stopped_count=0, restarted_count=0
 full_count=0

Compilation events (20 events):
Event: 0.135 Thread 0x0000017ad800a200 nmethod 166 0x0000017ac564ff90 code [0x0000017ac5650120, 0x0000017ac5650268]
Event: 0.135 Thread 0x0000017ad800a200  165       1       java.lang.module.ModuleDescriptor$Version::toString (5 bytes)
Event: 0.135 Thread 0x0000017ad800a200 nmethod 165 0x0000017accb5cb10 code [0x0000017accb5cca0, 0x0000017accb5cd78]
Event: 0.135 Thread 0x0000017ad800a200  181       1       java.util.HashMap::size (5 bytes)
Event: 0.135 Thread 0x0000017ad800a200 nmethod 181 0x0000017accb5ce10 code [0x0000017accb5cfa0, 0x0000017accb5d078]
Event: 0.135 Thread 0x0000017ad800a200  178       1       java.lang.module.ModuleDescriptor::isOpen (5 bytes)
Event: 0.135 Thread 0x0000017ad800a200 nmethod 178 0x0000017accb5d110 code [0x0000017accb5d2a0, 0x0000017accb5d378]
Event: 0.136 Thread 0x0000017ad800a200  182       3       java.lang.String::indexOf (29 bytes)
Event: 0.137 Thread 0x0000017ad800a200 nmethod 182 0x0000017ac5650310 code [0x0000017ac56504e0, 0x0000017ac5650778]
Event: 0.137 Thread 0x0000017ad800a200  183       3       java.lang.StringLatin1::indexOf (36 bytes)
Event: 0.137 Thread 0x0000017ad800a200 nmethod 183 0x0000017ac5650890 code [0x0000017ac5650a60, 0x0000017ac5650e98]
Event: 0.137 Thread 0x0000017ad800a200  184       3       java.lang.invoke.MemberName::testAllFlags (7 bytes)
Event: 0.137 Thread 0x0000017ad800a200 nmethod 184 0x0000017ac5651010 code [0x0000017ac56511a0, 0x0000017ac5651378]
Event: 0.137 Thread 0x0000017ad800a200  185       1       java.lang.Class::getModule (5 bytes)
Event: 0.137 Thread 0x0000017ad800a200 nmethod 185 0x0000017accb5d410 code [0x0000017accb5d5a0, 0x0000017accb5d678]
Event: 0.137 Thread 0x0000017ad800a200  186       3       jdk.internal.org.objectweb.asm.SymbolTable::addConstantUtf8 (98 bytes)
Event: 0.138 Thread 0x0000017ad800a200 nmethod 186 0x0000017ac5651410 code [0x0000017ac5651640, 0x0000017ac5651c38]
Event: 0.139 Thread 0x0000017ad800a200  188       3       java.lang.String::substring (58 bytes)
Event: 0.139 Thread 0x0000017ad800a200 nmethod 188 0x0000017ac5651f90 code [0x0000017ac5652180, 0x0000017ac5652628]
Event: 0.139 Thread 0x0000017ad800a200  189       3       java.lang.String::checkBoundsBeginEnd (63 bytes)

GC Heap History (0 events):
No events

Deoptimization events (0 events):
No events

Classes unloaded (0 events):
No events

Classes redefined (0 events):
No events

Internal exceptions (1 events):
Event: 0.116 Thread 0x0000017ac23e60b0 Exception <a 'java/lang/NoSuchMethodError'{0x00000000eacb24e8}: 'void java.lang.invoke.DirectMethodHandle$Holder.invokeStatic(java.lang.Object, java.lang.Object, java.lang.Object)'> (0x00000000eacb24e8) 
thrown [s\src\hotspot\share\interpreter\linkResolver.cpp, line 759]

VM Operations (2 events):
Event: 0.121 Executing VM operation: HandshakeAllThreads
Event: 0.121 Executing VM operation: HandshakeAllThreads done

Events (20 events):
Event: 0.129 loading class jdk/internal/module/ModuleLoaderMap$Modules done
Event: 0.134 loading class jdk/internal/loader/AbstractClassLoaderValue$Memoizer
Event: 0.134 loading class jdk/internal/loader/AbstractClassLoaderValue$Memoizer done
Event: 0.135 loading class jdk/internal/module/ServicesCatalog$ServiceProvider
Event: 0.135 loading class jdk/internal/module/ServicesCatalog$ServiceProvider done
Event: 0.135 loading class java/util/concurrent/CopyOnWriteArrayList
Event: 0.135 loading class java/util/concurrent/CopyOnWriteArrayList done
Event: 0.135 loading class java/lang/ModuleLayer$Controller
Event: 0.135 loading class java/lang/ModuleLayer$Controller done
Event: 0.136 loading class java/util/ArrayList$SubList
Event: 0.137 loading class java/util/ArrayList$SubList done
Event: 0.138 loading class java/lang/WeakPairMap$Pair$Weak
Event: 0.138 loading class java/lang/WeakPairMap$WeakRefPeer
Event: 0.138 loading class java/lang/WeakPairMap$WeakRefPeer done
Event: 0.138 loading class java/lang/WeakPairMap$Pair$Weak done
Event: 0.138 loading class java/lang/WeakPairMap$Pair$Weak$1
Event: 0.138 loading class java/lang/WeakPairMap$Pair$Weak$1 done
Event: 0.139 loading class jdk/internal/module/ModuleBootstrap$SafeModuleFinder
Event: 0.139 loading class jdk/internal/module/ModuleBootstrap$SafeModuleFinder done
Event: 0.139 loading class java/lang/invoke/StringConcatFactory


Dynamic libraries:
0x00007ff613de0000 - 0x00007ff613dee000 	c:\Users\rushi\.vscode\extensions\redhat.java-1.10.0-win32-x64\jre\17.0.4-win32-x86_64\bin\java.exe
0x00007ff81b280000 - 0x00007ff81b489000 	C:\WINDOWS\SYSTEM32\ntdll.dll
0x00007ff819df0000 - 0x00007ff819ead000 	C:\WINDOWS\System32\KERNEL32.DLL
0x00007ff818930000 - 0x00007ff818cad000 	C:\WINDOWS\System32\KERNELBASE.dll
0x00007ff818810000 - 0x00007ff818921000 	C:\WINDOWS\System32\ucrtbase.dll
0x00007fffecb80000 - 0x00007fffecb99000 	c:\Users\rushi\.vscode\extensions\redhat.java-1.10.0-win32-x64\jre\17.0.4-win32-x86_64\bin\VCRUNTIME140.dll
0x00007ffff0720000 - 0x00007ffff0738000 	c:\Users\rushi\.vscode\extensions\redhat.java-1.10.0-win32-x64\jre\17.0.4-win32-x86_64\bin\jli.dll
0x00007ff819c40000 - 0x00007ff819ded000 	C:\WINDOWS\System32\USER32.dll
0x00007ff8187e0000 - 0x00007ff818806000 	C:\WINDOWS\System32\win32u.dll
0x00007ff804ba0000 - 0x00007ff804e45000 	C:\WINDOWS\WinSxS\amd64_microsoft.windows.common-controls_6595b64144ccf1df_6.0.22000.120_none_9d947278b86cc467\COMCTL32.dll
0x00007ff819400000 - 0x00007ff819429000 	C:\WINDOWS\System32\GDI32.dll
0x00007ff81b030000 - 0x00007ff81b0d3000 	C:\WINDOWS\System32\msvcrt.dll
0x00007ff818cb0000 - 0x00007ff818dc8000 	C:\WINDOWS\System32\gdi32full.dll
0x00007ff819070000 - 0x00007ff81910d000 	C:\WINDOWS\System32\msvcp_win.dll
0x00007ff81aaa0000 - 0x00007ff81aad1000 	C:\WINDOWS\System32\IMM32.DLL
0x00007ff8122c0000 - 0x00007ff8122cc000 	c:\Users\rushi\.vscode\extensions\redhat.java-1.10.0-win32-x64\jre\17.0.4-win32-x86_64\bin\vcruntime140_1.dll
0x00007fffc2530000 - 0x00007fffc25c1000 	c:\Users\rushi\.vscode\extensions\redhat.java-1.10.0-win32-x64\jre\17.0.4-win32-x86_64\bin\msvcp140.dll
0x00007fffb1ef0000 - 0x00007fffb2b36000 	c:\Users\rushi\.vscode\extensions\redhat.java-1.10.0-win32-x64\jre\17.0.4-win32-x86_64\bin\server\jvm.dll
0x00007ff819910000 - 0x00007ff8199be000 	C:\WINDOWS\System32\ADVAPI32.dll
0x00007ff81ad60000 - 0x00007ff81adfe000 	C:\WINDOWS\System32\sechost.dll
0x00007ff819110000 - 0x00007ff819230000 	C:\WINDOWS\System32\RPCRT4.dll
0x00007ff81ab90000 - 0x00007ff81ab98000 	C:\WINDOWS\System32\PSAPI.DLL
0x00007ffff1340000 - 0x00007ffff1349000 	C:\WINDOWS\SYSTEM32\WSOCK32.dll
0x00007ff811f20000 - 0x00007ff811f53000 	C:\WINDOWS\SYSTEM32\WINMM.dll
0x00007ff8116a0000 - 0x00007ff8116aa000 	C:\WINDOWS\SYSTEM32\VERSION.dll
0x00007ff81b0e0000 - 0x00007ff81b14f000 	C:\WINDOWS\System32\WS2_32.dll
0x00007ff8178f0000 - 0x00007ff817908000 	C:\WINDOWS\SYSTEM32\kernel.appcore.dll
0x00007ff812270000 - 0x00007ff81227a000 	c:\Users\rushi\.vscode\extensions\redhat.java-1.10.0-win32-x64\jre\17.0.4-win32-x86_64\bin\jimage.dll
0x00007ff816290000 - 0x00007ff8164b1000 	C:\WINDOWS\SYSTEM32\DBGHELP.DLL
0x00007ff804160000 - 0x00007ff804191000 	C:\WINDOWS\SYSTEM32\dbgcore.DLL
0x00007ff818760000 - 0x00007ff8187df000 	C:\WINDOWS\System32\bcryptPrimitives.dll
0x00007fffecb70000 - 0x00007fffecb7e000 	c:\Users\rushi\.vscode\extensions\redhat.java-1.10.0-win32-x64\jre\17.0.4-win32-x86_64\bin\instrument.dll
0x00007fffe5390000 - 0x00007fffe53b5000 	c:\Users\rushi\.vscode\extensions\redhat.java-1.10.0-win32-x64\jre\17.0.4-win32-x86_64\bin\java.dll
0x00007fffec6b0000 - 0x00007fffec6c8000 	c:\Users\rushi\.vscode\extensions\redhat.java-1.10.0-win32-x64\jre\17.0.4-win32-x86_64\bin\zip.dll
0x00007ff819ed0000 - 0x00007ff81a688000 	C:\WINDOWS\System32\SHELL32.dll
0x00007ff816790000 - 0x00007ff816ff8000 	C:\WINDOWS\SYSTEM32\windows.storage.dll
0x00007ff81a690000 - 0x00007ff81aa09000 	C:\WINDOWS\System32\combase.dll
0x00007ff816620000 - 0x00007ff816786000 	C:\WINDOWS\SYSTEM32\wintypes.dll
0x00007ff819290000 - 0x00007ff81937a000 	C:\WINDOWS\System32\SHCORE.dll
0x00007ff819230000 - 0x00007ff81928d000 	C:\WINDOWS\System32\shlwapi.dll
0x00007ff818690000 - 0x00007ff8186b1000 	C:\WINDOWS\SYSTEM32\profapi.dll

dbghelp: loaded successfully - version: 4.0.5 - missing functions: none
symbol engine: initialized successfully - sym options: 0x614 - pdb path: .;c:\Users\rushi\.vscode\extensions\redhat.java-1.10.0-win32-x64\jre\17.0.4-win32-x86_64\bin;C:\WINDOWS\SYSTEM32;C:\WINDOWS\WinSxS\amd64_microsoft.windows.common-controls_6595b64144ccf1df_6.0.22000.120_none_9d947278b86cc467;c:\Users\rushi\.vscode\extensions\redhat.java-1.10.0-win32-x64\jre\17.0.4-win32-x86_64\bin\server

VM Arguments:
jvm_args: --add-modules=ALL-SYSTEM --add-opens=java.base/java.util=ALL-UNNAMED --add-opens=java.base/java.lang=ALL-UNNAMED --add-opens=java.base/sun.nio.fs=ALL-UNNAMED -Declipse.application=org.eclipse.jdt.ls.core.id1 -Dosgi.bundles.defaultStartLevel=4 -Declipse.product=org.eclipse.jdt.ls.core.product -Djava.import.generatesMetadataFilesAtProjectRoot=false -Dfile.encoding=utf8 -DwatchParentProcess=false -XX:+UseParallelGC -XX:GCTimeRatio=4 -XX:AdaptiveSizePolicyWeight=90 -Dsun.zip.disableMemoryMapping=true -Xmx1G -Xms100m -Xlog:jni+resolve=off -javaagent:c:\Users\rushi\.vscode\extensions\redhat.java-1.10.0-win32-x64\lombok\lombok-1.18.24.jar 
java_command: c:\Users\rushi\.vscode\extensions\redhat.java-1.10.0-win32-x64\server\plugins\org.eclipse.equinox.launcher_1.6.400.v20210924-0641.jar -configuration c:\Users\rushi\AppData\Roaming\Code\User\globalStorage\redhat.java\1.10.0\config_ss_win -data c:\Users\rushi\AppData\Roaming\Code\User\workspaceStorage\dd8d4f839dafe8dad0a24e681389ae38\redhat.java\ss_ws
java_class_path (initial): c:\Users\rushi\.vscode\extensions\redhat.java-1.10.0-win32-x64\server\plugins\org.eclipse.equinox.launcher_1.6.400.v20210924-0641.jar
Launcher Type: SUN_STANDARD

[Global flags]
    uintx AdaptiveSizePolicyWeight                 = 90                                        {product} {command line}
     intx CICompilerCount                          = 4                                         {product} {ergonomic}
    uintx GCTimeRatio                              = 4                                         {product} {command line}
   size_t InitialHeapSize                          = 104857600                                 {product} {command line}
   size_t MaxHeapSize                              = 1073741824                                {product} {command line}
   size_t MaxNewSize                               = 357564416                                 {product} {ergonomic}
   size_t MinHeapDeltaBytes                        = 524288                                    {product} {ergonomic}
   size_t MinHeapSize                              = 104857600                                 {product} {command line}
   size_t NewSize                                  = 34603008                                  {product} {ergonomic}
    uintx NonNMethodCodeHeapSize                   = 5839372                                {pd product} {ergonomic}
    uintx NonProfiledCodeHeapSize                  = 122909434                              {pd product} {ergonomic}
   size_t OldSize                                  = 70254592                                  {product} {ergonomic}
    uintx ProfiledCodeHeapSize                     = 122909434                              {pd product} {ergonomic}
    uintx ReservedCodeCacheSize                    = 251658240                              {pd product} {ergonomic}
     bool SegmentedCodeCache                       = true                                      {product} {ergonomic}
   size_t SoftMaxHeapSize                          = 1073741824                             {manageable} {ergonomic}
     bool UseCompressedClassPointers               = true                           {product lp64_product} {ergonomic}
     bool UseCompressedOops                        = true                           {product lp64_product} {ergonomic}
     bool UseLargePagesIndividualAllocation        = false                                  {pd product} {ergonomic}
     bool UseParallelGC                            = true                                      {product} {command line}

Logging:
Log output configuration:
 #0: stdout all=warning,jni+resolve=off uptime,level,tags
 #1: stderr all=off uptime,level,tags

Environment Variables:
PATH=C:\Program Files\Common Files\Oracle\Java\javapath;C:\Windows\system32;C:\Windows;C:\Windows\System32\Wbem;C:\Windows\System32\WindowsPowerShell\v1.0\;C:\Windows\System32\OpenSSH\;C:\Program Files (x86)\NVIDIA Corporation\PhysX\Common;C:\Program Files\NVIDIA Corporation\NVIDIA NvDLISR;C:\Program Files\MicroStrategy\Workstation\DataServices\11.0.14.1+1\64-bit\bin\server;;C:\WINDOWS\system32;C:\WINDOWS;C:\WINDOWS\System32\Wbem;C:\WINDOWS\System32\WindowsPowerShell\v1.0\;C:\WINDOWS\System32\OpenSSH\;C:\Program Files\nodejs\;C:\Users\rushi\AppData\Local\Microsoft\WindowsApps;C:\Users\rushi\AppData\Local\Programs\Microsoft VS Code\bin;C:\Program Files\mingw-w64\x86_64-8.1.0-posix-seh-rt_v6-rev0\mingw64\bin;;C:\Program Files\JetBrains\IntelliJ IDEA Community Edition 2021.2.2\bin;;C:\Program Files (x86)\Sophos\Sophos SSL VPN Client\bin;C:\Users\rushi\AppData\Roaming\npm
USERNAME=rushi
OS=Windows_NT
PROCESSOR_IDENTIFIER=AMD64 Family 23 Model 96 Stepping 1, AuthenticAMD
TMP=C:\Users\rushi\AppData\Local\Temp
TEMP=C:\Users\rushi\AppData\Local\Temp



---------------  S Y S T E M  ---------------

OS:
 Windows 11 , 64 bit Build 22000 (10.0.22000.708)
OS uptime: 0 days 0:03 hours

CPU: total 12 (initial active 12) (12 cores per cpu, 2 threads per core) family 23 model 96 stepping 1 microcode 0x0, cx8, cmov, fxsr, ht, mmx, 3dnowpref, sse, sse2, sse3, ssse3, sse4a, sse4.1, sse4.2, popcnt, lzcnt, tsc, tscinvbit, avx, avx2, aes, clmul, bmi1, bmi2, adx, sha, fma, vzeroupper, clflush, clflushopt

Memory: 4k page, system-wide physical 7549M (3355M free)
TotalPageFile size 7549M (AvailPageFile size 3M)
current process WorkingSet (physical memory assigned to process): 30M, peak: 30M
current process commit charge ("private bytes"): 190M, peak: 190M

vm_info: OpenJDK 64-Bit Server VM (17.0.4+8) for windows-amd64 JRE (17.0.4+8), built on Jul 19 2022 16:05:16 by "temurin" with MS VC++ 16.7 (VS2019)

END.
